# vx_i: 450.00 vx_f:   0.00 stages:123 phase:  47.09 mass:  17.00
#
#
[1]
        1010     b0011     !    0
       10330     b1011     !    1
       16200     b1100     !    2
       22615     b1101     !    2
       28505     b0011     !    3
       34945     b0111     !    3
       40845     b1100     !    4
       47325     b1110     !    4
       53265     b0011     !    5
       59755     b1011     !    5
       65705     b1100     !    6
       72235     b1101     !    6
       78225     b0011     !    7
       84770     b0111     !    7
       90760     b1100     !    8
       97350     b1110     !    8
      103390     b0011     !    9
      109985     b1011     !    9
      116035     b1100     !   10
      122675     b1101     !   10
      128745     b0011     !   11
      135420     b0111     !   11
      141510     b1100     !   12
      148215     b1110     !   12
      154335     b0011     !   13
      161065     b1011     !   13
      167215     b1100     !   14
      173975     b1101     !   14
      180145     b0011     !   15
      186935     b0111     !   15
      193155     b1100     !   16
      199955     b1110     !   16
      206205     b0011     !   17
      213035     b1011     !   17
      219295     b1100     !   18
      226175     b1101     !   18
      232475     b0011     !   19
      239370     b0111     !   19
      245690     b1100     !   20
      252630     b1110     !   20
      258970     b0011     !   21
      265945     b1011     !   21
      272325     b1100     !   22
      279330     b1101     !   22
      285730     b0011     !   23
      292770     b0111     !   23
      299210     b1100     !   24
      306280     b1110     !   24
      312760     b0011     !   25
      319850     b1011     !   25
      326350     b1100     !   26
      333490     b1101     !   26
      340030     b0011     !   27
      347195     b0111     !   27
      353755     b1100     !   28
      360965     b1110     !   28
      367575     b0011     !   29
      374805     b1011     !   29
      381435     b1100     !   30
      388715     b1101     !   30
      395395     b0011     !   31
      402700     b0111     !   31
      409390     b1100     !   32
      416750     b1110     !   32
      423480     b0011     !   33
      430880     b1011     !   33
      437640     b1100     !   34
      445080     b1101     !   34
      451890     b0011     !   35
      459355     b0111     !   35
      466205     b1100     !   36
      473705     b1110     !   36
      480595     b0011     !   37
      488135     b1011     !   37
      495045     b1100     !   38
      502645     b1101     !   38
      509605     b0011     !   39
      517235     b0111     !   39
      524235     b1100     !   40
      531905     b1110     !   40
      538945     b0011     !   41
      546655     b1011     !   41
      553725     b1100     !   42
      561495     b1101     !   42
      568605     b0011     !   43
      576420     b0111     !   43
      583570     b1100     !   44
      591430     b1110     !   44
      598640     b0011     !   45
      606530     b1011     !   45
      613770     b1100     !   46
      621725     b1101     !   46
      629015     b0011     !   47
      637005     b0111     !   47
      644335     b1100     !   48
      652385     b1110     !   48
      659755     b0011     !   49
      667860     b1011     !   49
      675270     b1100     !   50
      683430     b1101     !   50
      690890     b0011     !   51
      699100     b0111     !   51
      706610     b1100     !   52
      714870     b1110     !   52
      722430     b0011     !   53
      730745     b1011     !   53
      738355     b1100     !   54
      746725     b1101     !   54
      754405     b0011     !   55
      762815     b0111     !   55
      770525     b1100     !   56
      779010     b1110     !   56
      786780     b0011     !   57
      795320     b1011     !   57
      803140     b1100     !   58
      811745     b1101     !   58
      819635     b0011     !   59
      828285     b0111     !   59
      836235     b1100     !   60
      844945     b1110     !   60
      852935     b0011     !   61
      861730     b1011     !   61
      869790     b1100     !   62
      878635     b1101     !   62
      886755     b0011     !   63
      895670     b0111     !   63
      903850     b1100     !   64
      912835     b1110     !   64
      921065     b0011     !   65
      930130     b1011     !   65
      938430     b1100     !   66
      947565     b1101     !   66
      955945     b0011     !   67
      965140     b0111     !   67
      973590     b1100     !   68
      982860     b1110     !   68
      991360     b0011     !   69
     1000725     b1011     !   69
     1009295     b1100     !   70
     1018740     b1101     !   70
     1027400     b0011     !   71
     1036910     b0111     !   71
     1045630     b1100     !   72
     1055235     b1110     !   72
     1064055     b0011     !   73
     1073730     b1011     !   73
     1082620     b1100     !   74
     1092385     b1101     !   74
     1101365     b0011     !   75
     1111215     b0111     !   75
     1120275     b1100     !   76
     1130225     b1110     !   76
     1139365     b0011     !   77
     1149410     b1011     !   77
     1158630     b1100     !   78
     1168785     b1101     !   78
     1178115     b0011     !   79
     1188355     b0111     !   79
     1197775     b1100     !   80
     1208120     b1110     !   80
     1217640     b0011     !   81
     1228090     b1011     !   81
     1237710     b1100     !   82
     1248275     b1101     !   82
     1257975     b0011     !   83
     1268675     b0111     !   83
     1278495     b1100     !   84
     1289300     b1110     !   84
     1299230     b0011     !   85
     1310155     b1011     !   85
     1320205     b1100     !   86
     1331255     b1101     !   86
     1341405     b0011     !   87
     1352600     b0111     !   87
     1362890     b1100     !   88
     1374210     b1110     !   88
     1384620     b0011     !   89
     1396080     b1011     !   89
     1406630     b1100     !   90
     1418235     b1101     !   90
     1428915     b0011     !   91
     1440675     b0111     !   91
     1451485     b1100     !   92
     1463420     b1110     !   92
     1474390     b0011     !   93
     1486475     b1011     !   93
     1497595     b1100     !   94
     1509855     b1101     !   94
     1521125     b0011     !   95
     1533580     b0111     !   95
     1545030     b1100     !   96
     1557655     b1110     !   96
     1569275     b0011     !   97
     1582110     b1011     !   97
     1593920     b1100     !   98
     1606950     b1101     !   98
     1618960     b0011     !   99
     1632200     b0111     !   99
     1644400     b1100     !  100
     1657885     b1110     !  100
     1670295     b0011     !  101
     1684020     b1011     !  101
     1696670     b1100     !  102
     1710635     b1101     !  102
     1723525     b0011     !  103
     1737755     b0111     !  103
     1750895     b1100     !  104
     1765415     b1110     !  104
     1778815     b0011     !  105
     1793640     b1011     !  105
     1807310     b1100     !  106
     1822470     b1101     !  106
     1836460     b0011     !  107
     1851945     b0111     !  107
     1866265     b1100     !  108
     1882115     b1110     !  108
     1896765     b0011     !  109
     1913030     b1011     !  109
     1928050     b1100     !  110
     1944740     b1101     !  110
     1960170     b0011     !  111
     1977320     b0111     !  111
     1993190     b1100     !  112
     2010840     b1110     !  112
     2027190     b0011     !  113
     2045390     b1011     !  113
     2062280     b1100     !  114
     2081070     b1101     !  114
     2098520     b0011     !  115
     2117995     b0111     !  115
     2136105     b1100     !  116
     2156310     b1110     !  116
     2175140     b0011     !  117
     2196180     b1011     !  117
     2215830     b1100     !  118
     2237820     b1101     !  118
     2258380     b0011     !  119
     2281480     b0111     !  119
     2303130     b1100     !  120
     2327490     b1110     !  120
     2350390     b0011     !  121
     2376275     b1011     !  121
     2400695     b1100     !  122
     2428410     b1101     !  122
     2454710     b0011     !  123
     2484700     b0111     !  123
     2544540     b0000     !  124
     2669622     b0000     !  125
#
#
# vx_i: 450.00 vx_f:  92.03 stages:123 phase:  47.09 mass:  17.00
