# vx_i: 450.00 vx_f:   0.00 stages:123 phase:  48.88 mass:  17.00
#
#
[1]
        1010     b0011     !    0
       10455     b0100     !    1
       16075     b1100     !    2
       22740     b0010     !    2
       28370     b0011     !    3
       35075     b1000     !    3
       40745     b1100     !    4
       47460     b0001     !    4
       53140     b0011     !    5
       59900     b0100     !    5
       65600     b1100     !    6
       72390     b0010     !    6
       78120     b0011     !    7
       84935     b1000     !    7
       90685     b1100     !    8
       97535     b0001     !    8
      103305     b0011     !    9
      110185     b0100     !    9
      116005     b1100     !   10
      122895     b0010     !   10
      128735     b0011     !   11
      135655     b1000     !   11
      141515     b1100     !   12
      148480     b0001     !   12
      154370     b0011     !   13
      161355     b0100     !   13
      167265     b1100     !   14
      174290     b0010     !   14
      180230     b0011     !   15
      187290     b1000     !   15
      193260     b1100     !   16
      200345     b0001     !   16
      206345     b0011     !   17
      213460     b0100     !   17
      219490     b1100     !   18
      226635     b0010     !   18
      232685     b0011     !   19
      239875     b1000     !   19
      245965     b1100     !   20
      253180     b0001     !   20
      259300     b0011     !   21
      266550     b0100     !   21
      272680     b1100     !   22
      279980     b0010     !   22
      286160     b0011     !   23
      293480     b1000     !   23
      299690     b1100     !   24
      307045     b0001     !   24
      313285     b0011     !   25
      320680     b0100     !   25
      326950     b1100     !   26
      334385     b0010     !   26
      340685     b0011     !   27
      348160     b1000     !   27
      354490     b1100     !   28
      362005     b0001     !   28
      368355     b0011     !   29
      375920     b0100     !   29
      382310     b1100     !   30
      389910     b0010     !   30
      396350     b0011     !   31
      403980     b1000     !   31
      410430     b1100     !   32
      418120     b0001     !   32
      424610     b0011     !   33
      432340     b0100     !   33
      438880     b1100     !   34
      446640     b0010     !   34
      453200     b0011     !   35
      461015     b1000     !   35
      467615     b1100     !   36
      475475     b0001     !   36
      482125     b0011     !   37
      490015     b0100     !   37
      496695     b1100     !   38
      504645     b0010     !   38
      511355     b0011     !   39
      519355     b1000     !   39
      526105     b1100     !   40
      534150     b0001     !   40
      540950     b0011     !   41
      549040     b0100     !   41
      555890     b1100     !   42
      564015     b0010     !   42
      570895     b0011     !   43
      579085     b1000     !   43
      586005     b1100     !   44
      594250     b0001     !   44
      601210     b0011     !   45
      609505     b0100     !   45
      616515     b1100     !   46
      624860     b0010     !   46
      631930     b0011     !   47
      640315     b1000     !   47
      647415     b1100     !   48
      655870     b0001     !   48
      663030     b0011     !   49
      671530     b0100     !   49
      678720     b1100     !   50
      687290     b0010     !   50
      694550     b0011     !   51
      703165     b1000     !   51
      710465     b1100     !   52
      719145     b0001     !   52
      726495     b0011     !   53
      735235     b0100     !   53
      742645     b1100     !   54
      751440     b0010     !   54
      758890     b0011     !   55
      767765     b1000     !   55
      775275     b1100     !   56
      784205     b0001     !   56
      791775     b0011     !   57
      800770     b0100     !   57
      808380     b1100     !   58
      817455     b0010     !   58
      825125     b0011     !   59
      834270     b1000     !   59
      842000     b1100     !   60
      851215     b0001     !   60
      859025     b0011     !   61
      868295     b0100     !   61
      876165     b1100     !   62
      885510     b0010     !   62
      893430     b0011     !   63
      902865     b1000     !   63
      910865     b1100     !   64
      920365     b0001     !   64
      928415     b0011     !   65
      938010     b0100     !   65
      946130     b1100     !   66
      955810     b0010     !   66
      964010     b0011     !   67
      973760     b1000     !   67
      982020     b1100     !   68
      991870     b0001     !   68
     1000220     b0011     !   69
     1010145     b0100     !   69
     1018565     b1100     !   70
     1028585     b0010     !   70
     1037085     b0011     !   71
     1047200     b1000     !   71
     1055780     b1100     !   72
     1065990     b0001     !   72
     1074640     b0011     !   73
     1084960     b0100     !   73
     1093700     b1100     !   74
     1104125     b0010     !   74
     1112945     b0011     !   75
     1123480     b1000     !   75
     1132390     b1100     !   76
     1143030     b0001     !   76
     1152040     b0011     !   77
     1162790     b0100     !   77
     1171910     b1100     !   78
     1182765     b0010     !   78
     1191965     b0011     !   79
     1202955     b1000     !   79
     1212275     b1100     !   80
     1223375     b0001     !   80
     1232785     b0011     !   81
     1244030     b0100     !   81
     1253560     b1100     !   82
     1264925     b0010     !   82
     1274575     b0011     !   83
     1286075     b1000     !   83
     1295825     b1100     !   84
     1307480     b0001     !   84
     1317360     b0011     !   85
     1329160     b0100     !   85
     1339170     b1100     !   86
     1351125     b0010     !   86
     1361275     b0011     !   87
     1373380     b1000     !   87
     1383650     b1100     !   88
     1395940     b0001     !   88
     1406370     b0011     !   89
     1418815     b0100     !   89
     1429385     b1100     !   90
     1442025     b0010     !   90
     1452765     b0011     !   91
     1465580     b1000     !   91
     1476480     b1100     !   92
     1489500     b0001     !   92
     1500570     b0011     !   93
     1513795     b0100     !   93
     1525035     b1100     !   94
     1538490     b0010     !   94
     1549920     b0011     !   95
     1563605     b1000     !   95
     1575245     b1100     !   96
     1589160     b0001     !   96
     1601010     b0011     !   97
     1615180     b0100     !   97
     1627250     b1100     !   98
     1641690     b0010     !   98
     1653980     b0011     !   99
     1668720     b1000     !   99
     1681260     b1100     !  100
     1696305     b0001     !  100
     1709105     b0011     !  101
     1724470     b0100     !  101
     1737560     b1100     !  102
     1753265     b0010     !  102
     1766655     b0011     !  103
     1782730     b1000     !  103
     1796440     b1100     !  104
     1812915     b0001     !  104
     1826985     b0011     !  105
     1843875     b0100     !  105
     1858315     b1100     !  106
     1875665     b0010     !  106
     1890505     b0011     !  107
     1908370     b1000     !  107
     1923650     b1100     !  108
     1942065     b0001     !  108
     1957825     b0011     !  109
     1976845     b0100     !  109
     1993145     b1100     !  110
     2012830     b0010     !  110
     2029730     b0011     !  111
     2050145     b1000     !  111
     2067695     b1100     !  112
     2088955     b0001     !  112
     2107265     b0011     !  113
     2129455     b0100     !  113
     2148615     b1100     !  114
     2171885     b0010     !  114
     2192015     b0011     !  115
     2216550     b1000     !  115
     2237850     b1100     !  116
     2263855     b0001     !  116
     2275180     b0010     !  116
     2286505     b0011     !  117
     2314320     b0100     !  117
     2326485     b1000     !  117
     2338650     b1100     !  118
     2368680     b0010     !  118
     2381915     b0001     !  118
     2395150     b0011     !  119
     2428020     b1000     !  119
     2442645     b0100     !  119
     2457270     b1100     !  120
     2494010     b0001     !  120
     2510585     b0010     !  120
     2527160     b0011     !  121
     2569585     b0100     !  121
     2589190     b1000     !  121
     2608795     b1100     !  122
     2660810     b0010     !  122
     2686100     b0001     !  122
     2711390     b0011     !  123
     2786250     b1000     !  123
	 2878250     b0100     !  123
     2970250     b0000     !  124
     3349014     b0000     !  125
#
#
# vx_i: 450.00 vx_f:  30.25 stages:123 phase:  48.88 mass:  17.00
