# vx_i: 450.00 vx_f:   0.00 stages:123 phase:  47.04 mass:  17.00
#
#
[1]
        1010     b0011     !    0
       10330     b0100     !    1
       16200     b1100     !    2
       22610     b0010     !    2
       28510     b0011     !    3
       34940     b1000     !    3
       40850     b1100     !    4
       47320     b0001     !    4
       53270     b0011     !    5
       59750     b0100     !    5
       65720     b1100     !    6
       72230     b0010     !    6
       78210     b0011     !    7
       84765     b1000     !    7
       90765     b1100     !    8
       97345     b0001     !    8
      103375     b0011     !    9
      109980     b0100     !    9
      116050     b1100     !   10
      122670     b0010     !   10
      128760     b0011     !   11
      135410     b1000     !   11
      141530     b1100     !   12
      148205     b0001     !   12
      154355     b0011     !   13
      161055     b0100     !   13
      167215     b1100     !   14
      173965     b0010     !   14
      180145     b0011     !   15
      186925     b1000     !   15
      193155     b1100     !   16
      199945     b0001     !   16
      206185     b0011     !   17
      213025     b0100     !   17
      219305     b1100     !   18
      226160     b0010     !   18
      232470     b0011     !   19
      239355     b1000     !   19
      245695     b1100     !   20
      252610     b0001     !   20
      258980     b0011     !   21
      265930     b0100     !   21
      272310     b1100     !   22
      279310     b0010     !   22
      285730     b0011     !   23
      292750     b1000     !   23
      299190     b1100     !   24
      306255     b0001     !   24
      312745     b0011     !   25
      319825     b0100     !   25
      326345     b1100     !   26
      333460     b0010     !   26
      340000     b0011     !   27
      347165     b1000     !   27
      353745     b1100     !   28
      360935     b0001     !   28
      367535     b0011     !   29
      374775     b0100     !   29
      381405     b1100     !   30
      388680     b0010     !   30
      395350     b0011     !   31
      402660     b1000     !   31
      409360     b1100     !   32
      416710     b0001     !   32
      423460     b0011     !   33
      430835     b0100     !   33
      437605     b1100     !   34
      445030     b0010     !   34
      451840     b0011     !   35
      459305     b1000     !   35
      466145     b1100     !   36
      473650     b0001     !   36
      480550     b0011     !   37
      488080     b0100     !   37
      495010     b1100     !   38
      502585     b0010     !   38
      509555     b0011     !   39
      517170     b1000     !   39
      524180     b1100     !   40
      531835     b0001     !   40
      538885     b0011     !   41
      546585     b0100     !   41
      553675     b1100     !   42
      561420     b0010     !   42
      568550     b0011     !   43
      576340     b1000     !   43
      583510     b1100     !   44
      591350     b0001     !   44
      598560     b0011     !   45
      606445     b0100     !   45
      613685     b1100     !   46
      621630     b0010     !   46
      628930     b0011     !   47
      636910     b1000     !   47
      644250     b1100     !   48
      652280     b0001     !   48
      659660     b0011     !   49
      667750     b0100     !   49
      675170     b1100     !   50
      683315     b0010     !   50
      690785     b0011     !   51
      698980     b1000     !   51
      706510     b1100     !   52
      714745     b0001     !   52
      722325     b0011     !   53
      730615     b0100     !   53
      738245     b1100     !   54
      746590     b0010     !   54
      754250     b0011     !   55
      762670     b1000     !   55
      770400     b1100     !   56
      778860     b0001     !   56
      786630     b0011     !   57
      795160     b0100     !   57
      802990     b1100     !   58
      811580     b0010     !   58
      819460     b0011     !   59
      828110     b1000     !   59
      836050     b1100     !   60
      844765     b0001     !   60
      852755     b0011     !   61
      861540     b0100     !   61
      869590     b1100     !   62
      878435     b0010     !   62
      886565     b0011     !   63
      895460     b1000     !   63
      903640     b1100     !   64
      912615     b0001     !   64
      920855     b0011     !   65
      929905     b0100     !   65
      938225     b1100     !   66
      947330     b0010     !   66
      955700     b0011     !   67
      964895     b1000     !   67
      973345     b1100     !   68
      982600     b0001     !   68
      991110     b0011     !   69
     1000455     b0100     !   69
     1009045     b1100     !   70
     1018460     b0010     !   70
     1027120     b0011     !   71
     1036615     b1000     !   71
     1045355     b1100     !   72
     1054930     b0001     !   72
     1063750     b0011     !   73
     1073410     b0100     !   73
     1082290     b1100     !   74
     1092055     b0010     !   74
     1101015     b0011     !   75
     1110870     b1000     !   75
     1119930     b1100     !   76
     1129860     b0001     !   76
     1139010     b0011     !   77
     1149035     b0100     !   77
     1158255     b1100     !   78
     1168395     b0010     !   78
     1177705     b0011     !   79
     1187945     b1000     !   79
     1197365     b1100     !   80
     1207695     b0001     !   80
     1217195     b0011     !   81
     1227645     b0100     !   81
     1237265     b1100     !   82
     1247810     b0010     !   82
     1257530     b0011     !   83
     1268190     b1000     !   83
     1278000     b1100     !   84
     1288795     b0001     !   84
     1298725     b0011     !   85
     1309630     b0100     !   85
     1319680     b1100     !   86
     1330705     b0010     !   86
     1340855     b0011     !   87
     1352030     b1000     !   87
     1362300     b1100     !   88
     1373610     b0001     !   88
     1384010     b0011     !   89
     1395460     b0100     !   89
     1405990     b1100     !   90
     1417585     b0010     !   90
     1428265     b0011     !   91
     1439995     b1000     !   91
     1450805     b1100     !   92
     1462710     b0001     !   92
     1473680     b0011     !   93
     1485735     b0100     !   93
     1496855     b1100     !   94
     1509080     b0010     !   94
     1520350     b0011     !   95
     1532770     b1000     !   95
     1544220     b1100     !   96
     1556810     b0001     !   96
     1568420     b0011     !   97
     1581220     b0100     !   97
     1593020     b1100     !   98
     1606020     b0010     !   98
     1618010     b0011     !   99
     1631230     b1000     !   99
     1643430     b1100     !  100
     1656865     b0001     !  100
     1669265     b0011     !  101
     1682950     b0100     !  101
     1695590     b1100     !  102
     1709510     b0010     !  102
     1722390     b0011     !  103
     1736575     b1000     !  103
     1749685     b1100     !  104
     1764170     b0001     !  104
     1777560     b0011     !  105
     1792330     b0100     !  105
     1806000     b1100     !  106
     1821090     b0010     !  106
     1835060     b0011     !  107
     1850490     b1000     !  107
     1864770     b1100     !  108
     1880575     b0001     !  108
     1895215     b0011     !  109
     1911400     b0100     !  109
     1926390     b1100     !  110
     1943015     b0010     !  110
     1958425     b0011     !  111
     1975485     b1000     !  111
     1991335     b1100     !  112
     2008890     b0001     !  112
     2025210     b0011     !  113
     2043310     b0100     !  113
     2060130     b1100     !  114
     2078840     b0010     !  114
     2096240     b0011     !  115
     2115605     b1000     !  115
     2133655     b1100     !  116
     2153740     b0001     !  116
     2172480     b0011     !  117
     2193405     b0100     !  117
     2212965     b1100     !  118
     2234805     b0010     !  118
     2255265     b0011     !  119
     2278190     b1000     !  119
     2299720     b1100     !  120
     2323875     b0001     !  120
     2346625     b0011     !  121
     2372270     b0100     !  121
     2396500     b1100     !  122
     2423925     b0010     !  122
     2479605     b0000     !  123
     2604728     b0000     !  124
#
#
# vx_i: 450.00 vx_f:  92.01 stages:123 phase:  47.04 mass:  17.00
