0	b0011
6794	b0100
17672	b1100
19032	b0010
29917	b0011
31279	b1000
42170	b1100
43533	b0001
54432	b0011
55795	b0100
66701	b1100
68065	b0010
78978	b0011
80343	b1000
91263	b1100
92628	b0001
103555	b0011
104922	b0100
115856	b1100
117224	b0010
128165	b0011
129533	b1000
140481	b1100
141851	b0001
152806	b0011
154176	b0100
165138	b1100
166510	b0010
177479	b0011
178851	b1000
189828	b1100
191201	b0001
202184	b0011
203558	b0100
214549	b1100
215924	b0010
226922	b0011
228297	b1000
239303	b1100
240679	b0001
251691	b0011
253069	b0100
264089	b1100
265467	b0010
276494	b0011
277873	b1000
288907	b1100
290287	b0001
301329	b0011
302710	b0100
313758	b1100
315140	b0010
326196	b0011
327579	b1000
338642	b1100
340026	b0001
351097	b0011
352481	b0100
363559	b1100
364945	b0010
376030	b0011
377417	b1000
388509	b1100
389897	b0001
400997	b0011
402385	b0100
413492	b1100
414882	b0010
425996	b0011
427387	b1000
438509	b1100
439900	b0001
451030	b0011
452422	b0100
463559	b1100
464952	b0010
476096	b0011
477490	b1000
488642	b1100
490037	b0001
501197	b0011
502593	b0100
513760	b1100
515157	b0010
526331	b0011
527729	b1000
538911	b1100
540309	b0001
551499	b0011
552899	b0100
564096	b1100
565496	b0010
576701	b0011
578103	b1000
589315	b1100
590718	b0001
601937	b0011
603341	b0100
614569	b1100
615973	b0010
627208	b0011
628614	b1000
639856	b1100
641263	b0001
652513	b0011
653921	b0100
665179	b1100
666587	b0010
677853	b0011
679262	b1000
690536	b1100
691946	b0001
703228	b0011
704639	b0100
715928	b1100
717340	b0010
728637	b0011
730050	b1000
741355	b1100
742769	b0001
754082	b0011
755497	b0100
766817	b1100
768233	b0010
779561	b0011
780979	b1000
792315	b1100
793733	b0001
805076	b0011
806496	b0100
817847	b1100
819267	b0010
830627	b0011
832048	b1000
843416	b1100
844838	b0001
856213	b0011
857636	b0100
869020	b1100
870444	b0010
881835	b0011
883260	b1000
894660	b1100
896086	b0001
907493	b0011
908920	b0100
920336	b1100
921764	b0010
933187	b0011
934616	b1000
946048	b1100
947478	b0001
958918	b0011
960349	b0100
971796	b1100
973228	b0010
984684	b0011
986117	b1000
997581	b1100
999015	b0001
1010487	b0011
1011923	b0100
1023403	b1100
1024839	b0010
1036327	b0011
1037765	b1000
1049261	b1100
1050699	b0001
1062204	b0011
1063644	b0100
1075157	b1100
1076597	b0010
1088118	b0011
1089559	b1000
1101089	b1100
1102531	b0001
1114069	b0011
1115513	b0100
1127059	b1100
1128503	b0010
1140058	b0011
1141503	b1000
1153066	b1100
1154512	b0001
1166083	b0011
1167531	b0100
1179111	b1100
1180559	b0010
1192147	b0011
1193597	b1000
1205193	b1100
1206644	b0001
1218248	b0011
1219700	b0100
1231313	b1100
1232766	b0010
1244388	b0011
1245842	b1000
1257472	b1100
1258927	b0001
1270565	b0011
1272021	b0100
1283669	b1100
1285126	b0010
1296781	b0011
1298239	b1000
1309904	b1100
1311363	b0001
1323036	b0011
1324496	b0100
1336177	b1100
1337639	b0010
1349329	b0011
1350791	b1000
1362490	b1100
1363953	b0001
1375661	b0011
1377125	b0100
1388841	b1100
1390307	b0010
1402032	b0011
1403499	b1000
1415232	b1100
1416700	b0001
1428442	b0011
1429911	b0100
1441662	b1100
1443132	b0010
1454891	b0011
1456363	b1000
1468131	b1100
1469603	b0001
1481380	b0011
1482854	b0100
1494640	b1100
1496114	b0010
1507909	b0011
1509385	b1000
1521189	b1100
1522665	b0001
1534478	b0011
1535956	b0100
1547777	b1100
1549256	b0010
1561087	b0011
1562567	b0000
