# vx_i: 450.00 vx_f:   0.00 stages:123 phase:  61.08 mass:  17.00
#
#
[1]
        1010     b0011     !    0
       11280     b0100     !    1
       15230     b1100     !    2
       23565     b0010     !    2
       27545     b0011     !    3
       35900     b1000     !    3
       39880     b1100     !    4
       48290     b0001     !    4
       52280     b0011     !    5
       60725     b0100     !    5
       64735     b1100     !    6
       73215     b0010     !    6
       77245     b0011     !    7
       85755     b1000     !    7
       89805     b1100     !    8
       98355     b0001     !    8
      102415     b0011     !    9
      111000     b0100     !    9
      115100     b1100     !   10
      123705     b0010     !   10
      127805     b0011     !   11
      136465     b1000     !   11
      140585     b1100     !   12
      149285     b0001     !   12
      153415     b0011     !   13
      162155     b0100     !   13
      166325     b1100     !   14
      175085     b0010     !   14
      179275     b0011     !   15
      188075     b1000     !   15
      192285     b1100     !   16
      201125     b0001     !   16
      205335     b0011     !   17
      214235     b0100     !   17
      218465     b1100     !   18
      227405     b0010     !   18
      231655     b0011     !   19
      240635     b1000     !   19
      244905     b1100     !   20
      253930     b0001     !   20
      258220     b0011     !   21
      267290     b0100     !   21
      271600     b1100     !   22
      280710     b0010     !   22
      285060     b0011     !   23
      294200     b1000     !   23
      298570     b1100     !   24
      307755     b0001     !   24
      312145     b0011     !   25
      321380     b0100     !   25
      325770     b1100     !   26
      335070     b0010     !   26
      339500     b0011     !   27
      348830     b1000     !   27
      353270     b1100     !   28
      362660     b0001     !   28
      367140     b0011     !   29
      376565     b0100     !   29
      381065     b1100     !   30
      390540     b0010     !   30
      395050     b0011     !   31
      404590     b1000     !   31
      409120     b1100     !   32
      418715     b0001     !   32
      423285     b0011     !   33
      432915     b0100     !   33
      437515     b1100     !   34
      447195     b0010     !   34
      451815     b0011     !   35
      461550     b1000     !   35
      466190     b1100     !   36
      475990     b0001     !   36
      480650     b0011     !   37
      490510     b0100     !   37
      495200     b1100     !   38
      505115     b0010     !   38
      509825     b0011     !   39
      519800     b1000     !   39
      524560     b1100     !   40
      534575     b0001     !   40
      539345     b0011     !   41
      549435     b0100     !   41
      554235     b1100     !   42
      564385     b0010     !   42
      569225     b0011     !   43
      579425     b1000     !   43
      584285     b1100     !   44
      594560     b0001     !   44
      599460     b0011     !   45
      609785     b0100     !   45
      614705     b1100     !   46
      625110     b0010     !   46
      630070     b0011     !   47
      640530     b1000     !   47
      645510     b1100     !   48
      656050     b0001     !   48
      661080     b0011     !   49
      671670     b0100     !   49
      676720     b1100     !   50
      687395     b0010     !   50
      692495     b0011     !   51
      703230     b1000     !   51
      708340     b1100     !   52
      719165     b0001     !   52
      724335     b0011     !   53
      735215     b0100     !   53
      740405     b1100     !   54
      751375     b0010     !   54
      756615     b0011     !   55
      767655     b1000     !   55
      772925     b1100     !   56
      784045     b0001     !   56
      789345     b0011     !   57
      800560     b0100     !   57
      805910     b1100     !   58
      817195     b0010     !   58
      822585     b0011     !   59
      833955     b1000     !   59
      839375     b1100     !   60
      850845     b0001     !   60
      856305     b0011     !   61
      867865     b0100     !   61
      873365     b1100     !   62
      885020     b0010     !   62
      890580     b0011     !   63
      902310     b1000     !   63
      907900     b1100     !   64
      919740     b0001     !   64
      925380     b0011     !   65
      937320     b0100     !   65
      943000     b1100     !   66
      955040     b0010     !   66
      960780     b0011     !   67
      972920     b1000     !   67
      978700     b1100     !   68
      990950     b0001     !   68
      996800     b0011     !   69
     1009140     b0100     !   69
     1015030     b1100     !   70
     1027495     b0010     !   70
     1033455     b0011     !   71
     1046020     b1000     !   71
     1052020     b1100     !   72
     1064720     b0001     !   72
     1070770     b0011     !   73
     1083595     b0100     !   73
     1089705     b1100     !   74
     1102655     b0010     !   74
     1108825     b0011     !   75
     1121900     b1000     !   75
     1128140     b1100     !   76
     1141345     b0001     !   76
     1147645     b0011     !   77
     1160990     b0100     !   77
     1167350     b1100     !   78
     1180840     b0010     !   78
     1187270     b0011     !   79
     1200905     b1000     !   79
     1207405     b1100     !   80
     1221190     b0001     !   80
     1227780     b0011     !   81
     1241705     b0100     !   81
     1248355     b1100     !   82
     1262455     b0010     !   82
     1269195     b0011     !   83
     1283450     b1000     !   83
     1290270     b1100     !   84
     1304695     b0001     !   84
     1311605     b0011     !   85
     1326210     b0100     !   85
     1333200     b1100     !   86
     1347990     b0010     !   86
     1355060     b0011     !   87
     1370060     b1000     !   87
     1377220     b1100     !   88
     1392420     b0001     !   88
     1399680     b0011     !   89
     1415090     b0100     !   89
     1422450     b1100     !   90
     1438080     b0010     !   90
     1445560     b0011     !   91
     1461400     b1000     !   91
     1469000     b1100     !   92
     1485075     b0001     !   92
     1492765     b0011     !   93
     1509110     b0100     !   93
     1516940     b1100     !   94
     1533530     b0010     !   94
     1541490     b0011     !   95
     1558350     b1000     !   95
     1566430     b1100     !   96
     1583595     b0001     !   96
     1591825     b0011     !   97
     1609280     b0100     !   97
     1617660     b1100     !   98
     1635435     b0010     !   98
     1643955     b0011     !   99
     1662085     b1000     !   99
     1670775     b1100     !  100
     1689260     b0001     !  100
     1698120     b0011     !  101
     1716990     b0100     !  101
     1726040     b1100     !  102
     1745310     b0010     !  102
     1754580     b0011     !  103
     1774265     b1000     !  103
     1783745     b1100     !  104
     1803895     b0001     !  104
     1813605     b0011     !  105
     1834250     b0100     !  105
     1844190     b1100     !  106
     1865390     b0010     !  106
     1875590     b0011     !  107
     1897370     b1000     !  107
     1907860     b1100     !  108
     1930270     b0001     !  108
     1941090     b0011     !  109
     1964175     b0100     !  109
     1975335     b1100     !  110
     1999175     b0010     !  110
     2010705     b0011     !  111
     2035390     b1000     !  111
     2047340     b1100     !  112
     2072955     b0001     !  112
     2085375     b0011     !  113
     2112035     b0100     !  113
     2124985     b1100     !  114
     2152825     b0010     !  114
     2166395     b0011     !  115
     2195575     b1000     !  115
     2209845     b1100     !  116
     2240600     b0001     !  116
     2255680     b0011     !  117
     2288300     b0100     !  117
     2304360     b1100     !  118
     2339220     b0010     !  118
     2356470     b0011     !  119
     2394125     b1000     !  119
     2412885     b1100     !  120
     2454120     b0001     !  120
     2474890     b0011     !  121
     2520960     b0100     !  121
     2544540     b1100     !  122
     2597720     b0010     !  122
     2625680     b0011     !  123
     2690885     b1000     !  123
     2803085     b0000     !  124
     3028900     b0000     !  125
#
#
# vx_i: 450.00 vx_f:  49.08 stages:123 phase:  61.08 mass:  17.00
