#vx_i=30.0 m/s
#vx_f=30.4 m/s
#phase=62.50 deg
#
1010	0x0010
11379	0x0020
23664	0x0010
36001	0x0020
48388	0x0010
60828	0x0020
73319	0x0010
85864	0x0020
98463	0x0010
111116	0x0020
123825	0x0010
136589	0x0020
149410	0x0010
162289	0x0020
175226	0x0010
188221	0x0020
201277	0x0010
214393	0x0020
227571	0x0010
240812	0x0020
254115	0x0010
267483	0x0020
280916	0x0010
294416	0x0020
307982	0x0010
321616	0x0020
335320	0x0010
349094	0x0020
362939	0x0010
376856	0x0020
390848	0x0010
404914	0x0020
419055	0x0010
433275	0x0020
447572	0x0010
461950	0x0020
476408	0x0010
490950	0x0020
505575	0x0010
520285	0x0020
535083	0x0010
549969	0x0020
564946	0x0010
580014	0x0020
595175	0x0010
610432	0x0020
625786	0x0010
641239	0x0020
656793	0x0010
672450	0x0020
688212	0x0010
704081	0x0020
720059	0x0010
736149	0x0020
752353	0x0010
768674	0x0020
785113	0x0010
801674	0x0020
818360	0x0010
835172	0x0020
852115	0x0010
869192	0x0020
886404	0x0010
903757	0x0020
921253	0x0010
938895	0x0020
956689	0x0010
974636	0x0020
992743	0x0010
1011012	0x0020
1029449	0x0010
1048058	0x0020
1066844	0x0010
1085812	0x0020
1104968	0x0010
1124317	0x0020
1143865	0x0010
1163619	0x0020
1183585	0x0010
1203770	0x0020
1224181	0x0010
1244827	0x0020
1265715	0x0010
1286854	0x0020
1308254	0x0010
1329925	0x0020
1351877	0x0010
1374120	0x0020
1396668	0x0010
1419533	0x0020
1442729	0x0010
1466271	0x0020
1490174	0x0010
1514455	0x0020
1539134	0x0010
1564231	0x0020
1589767	0x0010
1615766	0x0020
1642255	0x0010
1669262	0x0020
1696819	0x0010
1724960	0x0020
1753726	0x0010
1783159	0x0020
1813308	0x0010
1844227	0x0020
1875980	0x0010
1908638	0x0020
1942282	0x0010
1977008	0x0020
2012927	0x0010
2050171	0x0020
2088899	0x0010
2129305	0x0020
2171626	0x0010
2216165	0x0020
2263311	0x0010
2313585	0x0020
2367706	0x0010
2426722	0x0020
2492268	0x0010
2567159	0x0020
2657134	0x0010
2778866	0x0000
3185940	0x0000
#
#
#
