# vx_i: 450.00 vx_f:   0.00 stages:123 phase:   7.24 mass:  17.00
#
#
[1]
        1010     b0011     !    0
        7615     b0100     !    1
       18895     b1100     !    2
       19860     b0010     !    2
       31140     b0011     !    3
       32110     b1000     !    3
       43380     b1100     !    4
       44365     b0001     !    4
       55645     b0011     !    5
       56630     b0100     !    5
       67920     b1100     !    6
       68905     b0010     !    6
       80195     b0011     !    7
       81185     b1000     !    7
       92485     b1100     !    8
       93470     b0001     !    8
      104780     b0011     !    9
      105765     b0100     !    9
      117085     b1100     !   10
      118070     b0010     !   10
      129410     b0011     !   11
      130380     b1000     !   11
      141730     b1100     !   12
      142700     b0001     !   12
      154040     b0011     !   13
      155025     b0100     !   13
      166375     b1100     !   14
      167360     b0010     !   14
      178730     b0011     !   15
      179705     b1000     !   15
      191075     b1100     !   16
      192055     b0001     !   16
      203415     b0011     !   17
      204410     b0100     !   17
      215800     b1100     !   18
      216775     b0010     !   18
      228175     b0011     !   19
      229150     b1000     !   19
      240550     b1100     !   20
      241530     b0001     !   20
      252940     b0011     !   21
      253920     b0100     !   21
      265320     b1100     !   22
      266315     b0010     !   22
      277725     b0011     !   23
      278720     b1000     !   23
      290140     b1100     !   24
      291135     b0001     !   24
      302555     b0011     !   25
      303555     b0100     !   25
      314985     b1100     !   26
      315985     b0010     !   26
      327435     b0011     !   27
      328420     b1000     !   27
      339880     b1100     !   28
      340865     b0001     !   28
      352315     b0011     !   29
      353315     b0100     !   29
      364795     b1100     !   30
      365780     b0010     !   30
      377240     b0011     !   31
      378245     b1000     !   31
      389735     b1100     !   32
      390725     b0001     !   32
      402205     b0011     !   33
      403205     b0100     !   33
      414715     b1100     !   34
      415700     b0010     !   34
      427210     b0011     !   35
      428200     b1000     !   35
      439720     b1100     !   36
      440710     b0001     !   36
      452220     b0011     !   37
      453225     b0100     !   37
      464765     b1100     !   38
      465750     b0010     !   38
      477280     b0011     !   39
      478285     b1000     !   39
      489835     b1100     !   40
      490825     b0001     !   40
      502385     b0011     !   41
      503375     b0100     !   41
      514925     b1100     !   42
      515935     b0010     !   42
      527505     b0011     !   43
      528500     b1000     !   43
      540080     b1100     !   44
      541075     b0001     !   44
      552645     b0011     !   45
      553655     b0100     !   45
      565235     b1100     !   46
      566245     b0010     !   46
      577835     b0011     !   47
      578845     b1000     !   47
      590455     b1100     !   48
      591455     b0001     !   48
      603055     b0011     !   49
      604070     b0100     !   49
      615690     b1100     !   50
      616690     b0010     !   50
      628310     b0011     !   51
      629325     b1000     !   51
      640965     b1100     !   52
      641965     b0001     !   52
      653615     b0011     !   53
      654615     b0100     !   53
      666255     b1100     !   54
      667270     b0010     !   54
      678920     b0011     !   55
      679935     b1000     !   55
      691595     b1100     !   56
      692610     b0001     !   56
      704290     b0011     !   57
      705295     b0100     !   57
      716965     b1100     !   58
      717985     b0010     !   58
      729665     b0011     !   59
      730685     b1000     !   59
      742385     b1100     !   60
      743395     b0001     !   60
      755085     b0011     !   61
      756110     b0100     !   61
      767830     b1100     !   62
      768835     b0010     !   62
      780545     b0011     !   63
      781570     b1000     !   63
      793300     b1100     !   64
      794310     b0001     !   64
      806040     b0011     !   65
      807060     b0100     !   65
      818800     b1100     !   66
      819820     b0010     !   66
      831580     b0011     !   67
      832590     b1000     !   67
      844340     b1100     !   68
      845365     b0001     !   68
      857125     b0011     !   69
      858150     b0100     !   69
      869920     b1100     !   70
      870945     b0010     !   70
      882735     b0011     !   71
      883750     b1000     !   71
      895530     b1100     !   72
      896560     b0001     !   72
      908350     b0011     !   73
      909380     b0100     !   73
      921180     b1100     !   74
      922210     b0010     !   74
      934030     b0011     !   75
      935045     b1000     !   75
      946865     b1100     !   76
      947895     b0001     !   76
      959715     b0011     !   77
      960750     b0100     !   77
      972580     b1100     !   78
      973615     b0010     !   78
      985465     b0011     !   79
      986485     b1000     !   79
      998335     b1100     !   80
      999370     b0001     !   80
     1011220     b0011     !   81
     1012260     b0100     !   81
     1024120     b1100     !   82
     1025160     b0010     !   82
     1037030     b0011     !   83
     1038070     b1000     !   83
     1049960     b1100     !   84
     1050985     b0001     !   84
     1062875     b0011     !   85
     1063910     b0100     !   85
     1075810     b1100     !   86
     1076850     b0010     !   86
     1088750     b0011     !   87
     1089795     b1000     !   87
     1101705     b1100     !   88
     1102745     b0001     !   88
     1114685     b0011     !   89
     1115710     b0100     !   89
     1127640     b1100     !   90
     1128680     b0010     !   90
     1140620     b0011     !   91
     1141660     b1000     !   91
     1153610     b1100     !   92
     1154650     b0001     !   92
     1166610     b0011     !   93
     1167650     b0100     !   93
     1179630     b1100     !   94
     1180660     b0010     !   94
     1192630     b0011     !   95
     1193675     b1000     !   95
     1205675     b1100     !   96
     1206705     b0001     !   96
     1218705     b0011     !   97
     1219740     b0100     !   97
     1231750     b1100     !   98
     1232785     b0010     !   98
     1244785     b0011     !   99
     1245835     b1000     !   99
     1257855     b1100     !  100
     1258900     b0001     !  100
     1270940     b0011     !  101
     1271975     b0100     !  101
     1284015     b1100     !  102
     1285055     b0010     !  102
     1297095     b0011     !  103
     1298145     b1000     !  103
     1310195     b1100     !  104
     1311245     b0001     !  104
     1323305     b0011     !  105
     1324355     b0100     !  105
     1336435     b1100     !  106
     1337475     b0010     !  106
     1349565     b0011     !  107
     1350605     b1000     !  107
     1362685     b1100     !  108
     1363740     b0001     !  108
     1375850     b0011     !  109
     1376890     b0100     !  109
     1389000     b1100     !  110
     1390045     b0010     !  110
     1402155     b0011     !  111
     1403210     b1000     !  111
     1415330     b1100     !  112
     1416385     b0001     !  112
     1428515     b0011     !  113
     1429570     b0100     !  113
     1441710     b1100     !  114
     1442765     b0010     !  114
     1454925     b0011     !  115
     1455970     b1000     !  115
     1468120     b1100     !  116
     1469185     b0001     !  116
     1481345     b0011     !  117
     1482405     b0100     !  117
     1494595     b1100     !  118
     1495640     b0010     !  118
     1507820     b0011     !  119
     1508880     b1000     !  119
     1521070     b1100     !  120
     1522135     b0001     !  120
     1534345     b0011     !  121
     1535395     b0100     !  121
     1547615     b1100     !  122
     1548665     b0010     !  122
     1560885     b0011     !  123
     1561950     b1000     !  123
     1575235     b0000     !  124
     1605972     b0000     !  125
#
#
# vx_i: 450.00 vx_f: 414.12 stages:123 phase:   7.24 mass:  17.00
