# vx_i: 450.00 vx_f:   0.00 stages:123 phase:  49.05 mass:  17.00
#
#
[1]
        1010     b0011     !    0
       10460     b0100     !    1
       16060     b1100     !    2
       22735     b0010     !    2
       28335     b0011     !    3
       35045     b1000     !    3
       40685     b1100     !    4
       47400     b0001     !    4
       53040     b0011     !    5
       59795     b0100     !    5
       65465     b1100     !    6
       72230     b0010     !    6
       77910     b0011     !    7
       84710     b1000     !    7
       90420     b1100     !    8
       97230     b0001     !    8
      102960     b0011     !    9
      109795     b0100     !    9
      115525     b1100     !   10
      122400     b0010     !   10
      128170     b0011     !   11
      135050     b1000     !   11
      140840     b1100     !   12
      147745     b0001     !   12
      153555     b0011     !   13
      160485     b0100     !   13
      166315     b1100     !   14
      173270     b0010     !   14
      179120     b0011     !   15
      186100     b1000     !   15
      191960     b1100     !   16
      198980     b0001     !   16
      204870     b0011     !   17
      211900     b0100     !   17
      217800     b1100     !   18
      224870     b0010     !   18
      230790     b0011     !   19
      237890     b1000     !   19
      243830     b1100     !   20
      250955     b0001     !   20
      256935     b0011     !   21
      264070     b0100     !   21
      270070     b1100     !   22
      277235     b0010     !   22
      283245     b0011     !   23
      290450     b1000     !   23
      296480     b1100     !   24
      303715     b0001     !   24
      309765     b0011     !   25
      317030     b0100     !   25
      323120     b1100     !   26
      330395     b0010     !   26
      336515     b0011     !   27
      343815     b1000     !   27
      349955     b1100     !   28
      357290     b0001     !   28
      363450     b0011     !   29
      370815     b0100     !   29
      376985     b1100     !   30
      384395     b0010     !   30
      390605     b0011     !   31
      398030     b1000     !   31
      404250     b1100     !   32
      411720     b0001     !   32
      417980     b0011     !   33
      425465     b0100     !   33
      431755     b1100     !   34
      439265     b0010     !   34
      445585     b0011     !   35
      453130     b1000     !   35
      459470     b1100     !   36
      467045     b0001     !   36
      473405     b0011     !   37
      481025     b0100     !   37
      487405     b1100     !   38
      495060     b0010     !   38
      501490     b0011     !   39
      509160     b1000     !   39
      515610     b1100     !   40
      523320     b0001     !   40
      529800     b0011     !   41
      537540     b0100     !   41
      544050     b1100     !   42
      551825     b0010     !   42
      558365     b0011     !   43
      566175     b1000     !   43
      572725     b1100     !   44
      580585     b0001     !   44
      587185     b0011     !   45
      595065     b0100     !   45
      601675     b1100     !   46
      609610     b0010     !   46
      616250     b0011     !   47
      624220     b1000     !   47
      630910     b1100     !   48
      638900     b0001     !   48
      645620     b0011     !   49
      653650     b0100     !   49
      660400     b1100     !   50
      668470     b0010     !   50
      675240     b0011     !   51
      683360     b1000     !   51
      690180     b1100     !   52
      698325     b0001     !   52
      705175     b0011     !   53
      713360     b0100     !   53
      720230     b1100     !   54
      728470     b0010     !   54
      735390     b0011     !   55
      743660     b1000     !   55
      750610     b1100     !   56
      758920     b0001     !   56
      765910     b0011     !   57
      774265     b0100     !   57
      781285     b1100     !   58
      789685     b0010     !   58
      796725     b0011     !   59
      805185     b1000     !   59
      812265     b1100     !   60
      820765     b0001     !   60
      827885     b0011     !   61
      836430     b0100     !   61
      843590     b1100     !   62
      852180     b0010     !   62
      859380     b0011     !   63
      868015     b1000     !   63
      875265     b1100     !   64
      883935     b0001     !   64
      891215     b0011     !   65
      899945     b0100     !   65
      907265     b1100     !   66
      916045     b0010     !   66
      923425     b0011     !   67
      932240     b1000     !   67
      939640     b1100     !   68
      948525     b0001     !   68
      955965     b0011     !   69
      964905     b0100     !   69
      972405     b1100     !   70
      981380     b0010     !   70
      988910     b0011     !   71
      997955     b1000     !   71
     1005545     b1100     !   72
     1014625     b0001     !   72
     1022265     b0011     !   73
     1031400     b0100     !   73
     1039090     b1100     !   74
     1048280     b0010     !   74
     1056000     b0011     !   75
     1065265     b1000     !   75
     1073045     b1100     !   76
     1082355     b0001     !   76
     1090175     b0011     !   77
     1099560     b0100     !   77
     1107440     b1100     !   78
     1116870     b0010     !   78
     1124790     b0011     !   79
     1134300     b1000     !   79
     1142270     b1100     !   80
     1151840     b0001     !   80
     1159870     b0011     !   81
     1169505     b0100     !   81
     1177595     b1100     !   82
     1187285     b0010     !   82
     1195435     b0011     !   83
     1205190     b1000     !   83
     1213400     b1100     !   84
     1223225     b0001     !   84
     1231475     b0011     !   85
     1241385     b0100     !   85
     1249695     b1100     !   86
     1259680     b0010     !   86
     1268060     b0011     !   87
     1278105     b1000     !   87
     1286555     b1100     !   88
     1296670     b0001     !   88
     1305180     b0011     !   89
     1315375     b0100     !   89
     1323935     b1100     !   90
     1334225     b0010     !   90
     1342865     b0011     !   91
     1353220     b1000     !   91
     1361920     b1100     !   92
     1372370     b0001     !   92
     1381130     b0011     !   93
     1391670     b0100     !   93
     1400520     b1100     !   94
     1411130     b0010     !   94
     1420040     b0011     !   95
     1430750     b1000     !   95
     1439740     b1100     !   96
     1450540     b0001     !   96
     1459620     b0011     !   97
     1470500     b0100     !   97
     1479640     b1100     !   98
     1490635     b0010     !   98
     1499855     b0011     !   99
     1510945     b1000     !   99
     1520255     b1100     !  100
     1531445     b0001     !  100
     1540855     b0011     !  101
     1552135     b0100     !  101
     1561615     b1100     !  102
     1573015     b0010     !  102
     1582605     b0011     !  103
     1594100     b1000     !  103
     1603770     b1100     !  104
     1615390     b0001     !  104
     1625170     b0011     !  105
     1636895     b0100     !  105
     1646775     b1100     !  106
     1658620     b0010     !  106
     1668580     b0011     !  107
     1680570     b1000     !  107
     1690650     b1100     !  108
     1702750     b0001     !  108
     1712930     b0011     !  109
     1725175     b0100     !  109
     1735465     b1100     !  110
     1747850     b0010     !  110
     1758270     b0011     !  111
     1770780     b1000     !  111
     1781320     b1100     !  112
     1793975     b0001     !  112
     1804645     b0011     !  113
     1817450     b0100     !  113
     1828230     b1100     !  114
     1841210     b0010     !  114
     1852140     b0011     !  115
     1865265     b1000     !  115
     1876335     b1100     !  116
     1889630     b0001     !  116
     1900830     b0011     !  117
     1914320     b0100     !  117
     1925680     b1100     !  118
     1939335     b0010     !  118
     1950845     b0011     !  119
     1964705     b1000     !  119
     1976385     b1100     !  120
     1990435     b0001     !  120
     2002285     b0011     !  121
     2016540     b0100     !  121
     2028570     b1100     !  122
     2043045     b0010     !  122
     2055245     b0011     !  123
     2069960     b1000     !  123
     2097185     b0000     !  124
     2153854     b0000     !  125
#
#
# vx_i: 450.00 vx_f: 202.07 stages:123 phase:  49.05 mass:  17.00
