#vx_i=92.0 m/s
#vx_f=92.4 m/s
#phase=47.02 deg
#
1010	b0011
10326	b0100
16186	b1100
22609	b0010
28492	b0011
34940	b1000
40846	b1100
47320	b0001
53250	b0011
59750	b0100
65704	b1100
72230	b0010
78209	b0011
84762	b1000
90765	b1100
97344	b0001
103372	b0011
109979	b0100
116032	b1100
122667	b0010
128746	b0011
135409	b1000
141513	b1100
148204	b0001
154335	b0011
161055	b0100
167212	b1100
173961	b0010
180145	b0011
186924	b1000
193135	b1100
199943	b0001
206182	b0011
213021	b0100
219287	b1100
226157	b0010
232452	b0011
239353	b1000
245676	b1100
252609	b0001
258961	b0011
265926	b0100
272307	b1100
279304	b0010
285716	b0011
292746	b1000
299188	b1100
306252	b0001
312724	b0011
319822	b0100
326326	b1100
333457	b0010
339993	b0011
347159	b1000
353727	b1100
360929	b0001
367529	b0011
374767	b0100
381401	b1100
388675	b0010
395342	b0011
402653	b1000
409354	b1100
416703	b0001
423439	b0011
430826	b0100
437597	b1100
445023	b0010
451829	b0011
459294	b1000
466137	b1100
473643	b0001
480522	b0011
488068	b0100
494986	b1100
502573	b0010
509528	b0011
517158	b1000
524152	b1100
531824	b0001
538857	b0011
546573	b0100
553646	b1100
561406	b0010
568521	b0011
576325	b1000
583481	b1100
591331	b0001
598530	b0011
606427	b0100
613668	b1100
621612	b0010
628897	b0011
636890	b1000
644219	b1100
652261	b0001
659636	b0011
667728	b0100
675149	b1100
683292	b0010
690760	b0011
698955	b1000
706471	b1100
714719	b0001
722285	b0011
730587	b0100
738202	b1100
746559	b0010
754225	b0011
762639	b1000
770357	b1100
778828	b0001
786599	b0011
795128	b0100
802954	b1100
811543	b0010
819424	b0011
828074	b1000
836011	b1100
844724	b0001
852719	b0011
861496	b0100
869550	b1100
878392	b0010
886506	b0011
895414	b1000
903590	b1100
912567	b0001
920806	b0011
929853	b0100
938157	b1100
947275	b0010
955645	b0011
964836	b1000
973274	b1100
982541	b0001
991048	b0011
1000391	b0100
1008969	b1100
1018392	b0010
1027043	b0011
1036546	b1000
1045272	b1100
1054858	b0001
1063661	b0011
1073333	b0100
1082215	b1100
1091973	b0010
1100937	b0011
1110785	b1000
1119832	b1100
1129773	b0001
1138905	b0011
1148941	b0100
1158162	b1100
1168296	b0010
1177607	b0011
1187842	b1000
1197247	b1100
1207586	b0001
1217088	b0011
1227533	b0100
1237135	b1100
1247691	b0010
1257395	b0011
1268065	b1000
1277875	b1100
1288663	b0001
1298582	b0011
1309492	b0100
1319525	b1100
1330561	b0010
1340712	b0011
1351878	b1000
1362150	b1100
1373452	b0001
1383850	b0011
1395292	b0100
1405821	b1100
1417409	b0010
1428074	b0011
1439813	b1000
1450619	b1100
1462516	b0001
1473469	b0011
1485530	b0100
1496636	b1100
1508868	b0010
1520134	b0011
1532544	b1000
1543977	b1100
1556574	b0001
1568182	b0011
1580974	b0100
1592764	b1100
1605761	b0010
1617743	b0011
1630955	b1000
1643138	b1100
1656575	b0001
1668971	b0011
1682646	b0100
1695265	b1100
1709190	b0010
1722045	b0011
1736236	b1000
1749341	b1100
1763812	b0001
1777182	b0011
1791952	b0100
1805603	b1100
1820690	b0010
1834641	b0011
1850067	b1000
1864339	b1100
1880128	b0001
1894744	b0011
1910923	b0100
1925909	b1100
1942507	b0010
1957894	b0011
1974947	b1000
1990766	b1100
2008313	b0001
2024606	b0011
2042692	b0100
2059502	b1100
2078181	b0010
2095562	b0011
2114896	b1000
2132908	b1100
2152972	b0001
2171692	b0011
2192573	b0100
2212091	b1100
2233900	b0010
2254326	b0011
2277199	b1000
2298674	b1100
2322783	b0001
2345488	b0011
2371058	b0100
2395230	b1100
2422565	b0010
2448532	b0011
2478057	b0000
2616991	b0000
#
#
#
