#vx_i=30.0 m/s
#vx_f=28.6 m/s
#phase=48.85 deg
#
1010	b0011
10451	b0100
16062	b1100
22736	b0010
28370	b0011
35071	b1000
40729	b1100
47458	b0001
53139	b0011
59897	b0100
65602	b1100
72387	b0010
78117	b0011
84931	b1000
90685	b1100
97529	b0001
103308	b0011
110182	b0100
115985	b1100
122889	b0010
128718	b0011
135653	b1000
141508	b1100
148473	b0001
154354	b0011
161351	b0100
167259	b1100
174287	b0010
180221	b0011
187282	b1000
193244	b1100
200336	b0001
206326	b0011
213452	b0100
219470	b1100
226629	b0010
232675	b0011
239868	b1000
245943	b1100
253171	b0001
259276	b0011
266538	b0100
272672	b1100
279971	b0010
286135	b0011
293469	b1000
299664	b1100
307034	b0001
313260	b0011
320668	b0100
326925	b1100
334371	b0010
340660	b0011
348144	b1000
354465	b1100
361988	b0001
368343	b0011
375905	b0100
382293	b1100
389895	b0010
396317	b0011
403960	b1000
410417	b1100
418101	b0001
424593	b0011
432320	b0100
438847	b1100
446616	b0010
453181	b0011
460993	b1000
467594	b1100
475451	b0001
482090	b0011
489991	b0100
496668	b1100
504616	b0010
511332	b0011
519326	b1000
526081	b1100
534122	b0001
540918	b0011
549008	b0100
555844	b1100
563983	b0010
570862	b0011
579051	b1000
585972	b1100
594211	b0001
601176	b0011
609467	b0100
616476	b1100
624821	b0010
631874	b0011
640273	b1000
647372	b1100
655826	b0001
662972	b0011
671482	b0100
678676	b1100
687243	b0010
694485	b0011
703111	b1000
710403	b1100
719088	b0001
726431	b0011
735177	b0100
742572	b1100
751380	b0010
758828	b0011
767700	b1000
775202	b1100
784138	b0001
791696	b0011
800698	b0100
808312	b1100
817383	b0010
825055	b0011
834194	b1000
841925	b1100
851136	b0001
858928	b0011
868211	b0100
876065	b1100
885423	b0010
893340	b0011
902774	b1000
910757	b1100
920269	b0001
928318	b0011
937911	b0100
946028	b1100
955703	b0010
963890	b0011
973650	b1000
981909	b1100
991755	b0001
1000089	b0011
1010023	b0100
1018433	b1100
1028459	b0010
1036947	b0011
1047067	b1000
1055635	b1100
1065851	b0001
1074502	b0011
1084818	b0100
1093554	b1100
1103973	b0010
1112796	b0011
1123320	b1000
1132234	b1100
1142867	b0001
1151874	b0011
1162619	b0100
1171723	b1100
1182584	b0010
1191787	b0011
1202767	b1000
1212073	b1100
1223177	b0001
1232589	b0011
1243821	b0100
1253343	b1100
1264708	b0010
1274343	b0011
1285846	b1000
1295599	b1100
1307244	b0001
1317120	b0011
1328913	b0100
1338916	b1100
1350863	b0010
1360998	b0011
1373105	b1000
1383378	b1100
1395651	b0001
1406067	b0011
1418514	b0100
1429080	b1100
1441708	b0010
1452430	b0011
1465247	b1000
1476133	b1100
1489148	b0001
1500204	b0011
1513427	b0100
1524663	b1100
1538104	b0010
1549528	b0011
1563198	b1000
1574820	b1100
1588731	b0001
1600562	b0011
1614727	b0100
1626779	b1100
1641213	b0010
1653498	b0011
1668217	b1000
1680750	b1100
1695770	b0001
1708566	b0011
1723908	b0100
1736985	b1100
1752670	b0010
1766046	b0011
1782099	b1000
1795796	b1100
1812243	b0001
1826286	b0011
1843159	b0100
1857574	b1100
1874906	b0010
1889727	b0011
1907558	b1000
1922820	b1100
1941196	b0001
1956940	b0011
1975916	b0100
1992190	b1100
2011827	b0010
2028691	b0011
2049064	b1000
2066585	b1100
2087783	b0001
2106046	b0011
2128178	b0100
2147286	b1100
2170488	b0010
2190569	b0011
2215013	b1000
2236233	b1100
2262144	b0001
2284721	b0011
2312398	b0100
2336633	b1100
2366496	b0010
2392816	b0011
2425484	b1000
2454541	b1100
2490992	b0001
2523867	b0011
2565834	b0100
2604578	b1100
2655749	b0010
2705317	b0011
2777582	b0000
3224469	b0000
#
#
#
