#vx_i=30.0 m/s
#vx_f=30.8 m/s
#phase=48.82 deg
#
1010	b0011
10449	b0100
16064	b1100
22734	b0010
28372	b0011
35069	b1000
40731	b1100
47456	b0001
53141	b0011
59894	b0100
65603	b1100
72385	b0010
78118	b0011
84929	b1000
90687	b1100
97526	b0001
103309	b0011
110178	b0100
115986	b1100
122886	b0010
128719	b0011
135649	b1000
141508	b1100
148468	b0001
154354	b0011
161346	b0100
167258	b1100
174281	b0010
180220	b0011
187275	b1000
193242	b1100
200330	b0001
206323	b0011
213445	b0100
219466	b1100
226621	b0010
232671	b0011
239860	b1000
245939	b1100
253162	b0001
259270	b0011
266528	b0100
272666	b1100
279959	b0010
286127	b0011
293456	b1000
299655	b1100
307021	b0001
313250	b0011
320653	b0100
326914	b1100
334354	b0010
340648	b0011
348126	b1000
354452	b1100
361969	b0001
368328	b0011
375884	b0100
382277	b1100
389873	b0010
396299	b0011
403937	b1000
410398	b1100
418076	b0001
424572	b0011
432293	b0100
438824	b1100
446588	b0010
453156	b0011
460963	b1000
467567	b1100
475418	b0001
482061	b0011
489957	b0100
496637	b1100
504579	b0010
511298	b0011
519286	b1000
526046	b1100
534081	b0001
540880	b0011
548964	b0100
555804	b1100
563937	b0010
570819	b0011
579001	b1000
585926	b1100
594159	b0001
601127	b0011
609412	b0100
616425	b1100
624762	b0010
631820	b0011
640211	b1000
647315	b1100
655761	b0001
662911	b0011
671414	b0100
678611	b1100
687171	b0010
694418	b0011
703036	b1000
710332	b1100
719009	b0001
726356	b0011
735094	b0100
742493	b1100
751293	b0010
758745	b0011
767609	b1000
775114	b1100
784043	b0001
791604	b0011
800598	b0100
808216	b1100
817278	b0010
824953	b0011
834085	b1000
841819	b1100
851022	b0001
858817	b0011
868092	b0100
875948	b1100
885298	b0010
893218	b0011
902643	b1000
910629	b1100
920132	b0001
928184	b0011
937767	b0100
945888	b1100
955553	b0010
963744	b0011
973493	b1000
981756	b1100
991591	b0001
999928	b0011
1009852	b0100
1018265	b1100
1028280	b0010
1036771	b0011
1046880	b1000
1055451	b1100
1065657	b0001
1074310	b0011
1084615	b0100
1093353	b1100
1103760	b0010
1112586	b0011
1123098	b1000
1132014	b1100
1142635	b0001
1151644	b0011
1162377	b0100
1171483	b1100
1182331	b0010
1191535	b0011
1202503	b1000
1211810	b1100
1222901	b0001
1232314	b0011
1243533	b0100
1253056	b1100
1264407	b0010
1274043	b0011
1285531	b1000
1295285	b1100
1306916	b0001
1316792	b0011
1328569	b0100
1338573	b1100
1350504	b0010
1360639	b0011
1372729	b1000
1383002	b1100
1395258	b0001
1405673	b0011
1418102	b0100
1428667	b1100
1441277	b0010
1451998	b0011
1464796	b1000
1475679	b1100
1488675	b0001
1499729	b0011
1512931	b0100
1524164	b1100
1537583	b0010
1549004	b0011
1562651	b1000
1574270	b1100
1588157	b0001
1599984	b0011
1614124	b0100
1626171	b1100
1640578	b0010
1652858	b0011
1667549	b1000
1680075	b1100
1695066	b0001
1707854	b0011
1723166	b0100
1736233	b1100
1751886	b0010
1765251	b0011
1781269	b1000
1794955	b1100
1811365	b0001
1825394	b0011
1842227	b0100
1856627	b1100
1873916	b0010
1888719	b0011
1906504	b1000
1921745	b1100
1940071	b0001
1955792	b0011
1974712	b0100
1990960	b1100
2010537	b0010
2027369	b0011
2047675	b1000
2065160	b1100
2086283	b0001
2104503	b0011
2126550	b0100
2145607	b1100
2168712	b0010
2188732	b0011
2213064	b1000
2234209	b1100
2259987	b0001
2282471	b0011
2309988	b0100
2334104	b1100
2363767	b0010
2389930	b0011
2422338	b1000
2451178	b1100
2487272	b0001
2519824	b0011
2561251	b0100
2599455	b1100
2649653	b0010
2698074	b0011
2767561	b0000
3183054	b0000
#
#
#
