#vx_i=92.0 m/s
#vx_f=92.8 m/s
#phase=47.00 deg
#
1010	b0011
10325	b0100
16188	b1100
22607	b0010
28493	b0011
34938	b1000
40848	b1100
47319	b0001
53251	b0011
59749	b0100
65705	b1100
72229	b0010
78210	b0011
84760	b1000
90765	b1100
97343	b0001
103373	b0011
109977	b0100
116033	b1100
122665	b0010
128746	b0011
135406	b1000
141513	b1100
148202	b0001
154335	b0011
161052	b0100
167212	b1100
173958	b0010
180145	b0011
186920	b1000
193134	b1100
199940	b0001
206181	b0011
213017	b0100
219286	b1100
226153	b0010
232450	b0011
239348	b1000
245674	b1100
252604	b0001
258959	b0011
265920	b0100
272305	b1100
279299	b0010
285713	b0011
292740	b1000
299185	b1100
306245	b0001
312721	b0011
319815	b0100
326321	b1100
333450	b0010
339988	b0011
347151	b1000
353722	b1100
360920	b0001
367523	b0011
374758	b0100
381394	b1100
388665	b0010
395335	b0011
402642	b1000
409346	b1100
416692	b0001
423430	b0011
430814	b0100
437587	b1100
445010	b0010
451819	b0011
459281	b1000
466126	b1100
473628	b0001
480511	b0011
488053	b0100
494973	b1100
502556	b0010
509515	b0011
517140	b1000
524137	b1100
531805	b0001
538842	b0011
546553	b0100
553630	b1100
561385	b0010
568503	b0011
576303	b1000
583462	b1100
591308	b0001
598509	b0011
606402	b0100
613646	b1100
621586	b0010
628874	b0011
636862	b1000
644194	b1100
652232	b0001
659610	b0011
667697	b0100
675121	b1100
683260	b0010
690730	b0011
698921	b1000
706440	b1100
714683	b0001
722251	b0011
730549	b0100
738167	b1100
746519	b0010
754188	b0011
762597	b1000
770317	b1100
778784	b0001
786557	b0011
795082	b0100
802910	b1100
811494	b0010
819378	b0011
828023	b1000
835963	b1100
844671	b0001
852668	b0011
861440	b0100
869496	b1100
878333	b0010
886449	b0011
895353	b1000
903531	b1100
912503	b0001
920744	b0011
929785	b0100
938091	b1100
947204	b0010
955576	b0011
964762	b1000
973202	b1100
982462	b0001
990972	b0011
1000309	b0100
1008890	b1100
1018306	b0010
1026959	b0011
1036456	b1000
1045185	b1100
1054764	b0001
1063569	b0011
1073234	b0100
1082118	b1100
1091870	b0010
1100835	b0011
1110677	b1000
1119726	b1100
1129660	b0001
1138794	b0011
1148823	b0100
1158046	b1100
1168172	b0010
1177486	b0011
1187713	b1000
1197120	b1100
1207451	b0001
1216954	b0011
1227392	b0100
1236994	b1100
1247543	b0010
1257248	b0011
1267910	b1000
1277721	b1100
1288501	b0001
1298422	b0011
1309323	b0100
1319357	b1100
1330384	b0010
1340535	b0011
1351693	b1000
1361966	b1100
1373258	b0001
1383657	b0011
1395090	b0100
1405619	b1100
1417197	b0010
1427862	b0011
1439591	b1000
1450397	b1100
1462283	b0001
1473236	b0011
1485286	b0100
1496392	b1100
1508613	b0010
1519878	b0011
1532277	b1000
1543709	b1100
1556294	b0001
1567900	b0011
1580679	b0100
1592468	b1100
1605452	b0010
1617432	b0011
1630630	b1000
1642812	b1100
1656234	b0001
1668627	b0011
1682287	b0100
1694903	b1100
1708813	b0010
1721664	b0011
1735838	b1000
1748939	b1100
1763393	b0001
1776758	b0011
1791509	b0100
1805155	b1100
1820223	b0010
1834168	b0011
1849573	b1000
1863838	b1100
1879605	b0001
1894213	b0011
1910368	b0100
1925345	b1100
1941918	b0010
1957293	b0011
1974319	b1000
1990127	b1100
2007644	b0001
2023923	b0011
2041977	b0100
2058771	b1100
2077415	b0010
2094777	b0011
2114072	b1000
2132064	b1100
2152084	b0001
2170779	b0011
2191613	b0100
2211101	b1100
2232856	b0010
2253247	b0011
2276058	b1000
2297490	b1100
2321527	b0001
2344180	b0011
2369665	b0100
2393772	b1100
2421003	b0010
2446887	b0011
2476282	b0000
2614609	b0000
#
#
#
