0	b0011
6795	b0100
17676	b1100
19037	b0010
29927	b0011
31290	b1000
42189	b1100
43552	b0001
54460	b0011
55825	b0100
66741	b1100
68107	b0010
79032	b0011
80399	b1000
91333	b1100
92701	b0001
103643	b0011
105012	b0100
115964	b1100
117334	b0010
128295	b0011
129666	b1000
140635	b1100
142008	b0001
152986	b0011
154360	b0100
165347	b1100
166722	b0010
177718	b0011
179094	b1000
190099	b1100
191476	b0001
202490	b0011
203868	b0100
214891	b1100
216271	b0010
227303	b0011
228683	b1000
239725	b1100
241106	b0001
252157	b0011
253539	b0100
264599	b1100
265983	b0010
277051	b0011
278436	b1000
289514	b1100
290900	b0001
301987	b0011
303375	b0100
314471	b1100
315859	b0010
326965	b0011
328354	b1000
339469	b1100
340860	b0001
351984	b0011
353376	b0100
364509	b1100
365902	b0010
377045	b0011
378439	b1000
389591	b1100
390987	b0001
402148	b0011
403545	b0100
414715	b1100
416113	b0010
427293	b0011
428692	b1000
439882	b1100
441282	b0001
452481	b0011
453883	b0100
465091	b1100
466494	b0010
477712	b0011
479116	b1000
490344	b1100
491748	b0001
502986	b0011
504392	b0100
515639	b1100
517046	b0010
528303	b0011
529711	b1000
540977	b1100
542387	b0001
553663	b0011
555074	b0100
566359	b1100
567771	b0010
579067	b0011
580480	b1000
591785	b1100
593199	b0001
604514	b0011
605930	b0100
617255	b1100
618672	b0010
630006	b0011
631424	b1000
642768	b1100
644188	b0001
655542	b0011
656963	b0100
668327	b1100
669749	b0010
681123	b0011
682546	b1000
693930	b1100
695354	b0001
706748	b0011
708174	b0100
719578	b1100
721004	b0010
732418	b0011
733847	b1000
745271	b1100
746700	b0001
758134	b0011
759565	b0100
771009	b1100
772441	b0010
783895	b0011
785328	b1000
796793	b1100
798227	b0001
809702	b0011
811138	b0100
822623	b1100
824060	b0010
835555	b0011
836993	b1000
848499	b1100
849938	b0001
861454	b0011
862895	b0100
874421	b1100
875863	b0010
887399	b0011
888843	b1000
900390	b1100
901834	b0001
913392	b0011
914838	b0100
926405	b1100
927853	b0010
939431	b0011
940879	b1000
952468	b1100
953918	b0001
965517	b0011
966969	b0100
978578	b1100
980031	b0010
991651	b0011
993105	b1000
1004736	b1100
1006191	b0001
1017833	b0011
1019289	b0100
1030942	b1100
1032400	b0010
1044062	b0011
1045522	b1000
1057195	b1100
1058656	b0001
1070340	b0011
1071802	b0100
1083498	b1100
1084961	b0010
1096667	b0011
1098132	b1000
1109848	b1100
1111315	b0001
1123042	b0011
1124510	b0100
1136248	b1100
1137717	b0010
1149467	b0011
1150937	b1000
1162697	b1100
1164169	b0001
1175940	b0011
1177413	b0100
1189196	b1100
1190670	b0010
1202464	b0011
1203939	b1000
1215744	b1100
1217221	b0001
1229037	b0011
1230515	b0100
1242342	b1100
1243822	b0010
1255660	b0011
1257142	b1000
1268991	b1100
1270474	b0001
1282334	b0011
1283818	b0100
1295690	b1100
1297176	b0010
1309059	b0011
1310546	b1000
1322441	b1100
1323929	b0001
1335835	b0011
1337325	b0100
1349242	b1100
1350733	b0010
1362662	b0011
1364155	b1000
1376095	b1100
1377589	b0001
1389541	b0011
1391036	b0100
1403000	b1100
1404497	b0010
1416472	b0011
1417970	b1000
1429957	b1100
1431456	b0001
1443455	b0011
1444956	b0100
1456966	b1100
1458469	b0010
1470490	b0011
1471995	b1000
1484028	b1100
1485534	b0001
1497579	b0011
1499086	b0100
1511143	b1100
1512652	b0010
1524720	b0011
1526231	b1000
1538311	b1100
1539823	b0001
1551915	b0011
1553429	b0100
1565533	b1100
1567048	b0010
1579164	b0011
1580681	b0000
