#vx_i=92.0 m/s
#vx_f=195.9 m/s
#phase=40.00 deg
#
1010	b0011
9848	b0100
16661	b1100
22121	b0010
28958	b0011
34436	b1000
41295	b1100
46792	b0001
53674	b0011
59190	b0100
66095	b1100
71630	b0010
78559	b0011
84112	b1000
91065	b1100
96638	b0001
103615	b0011
109207	b0100
116208	b1100
121820	b0010
128846	b0011
134477	b1000
141529	b1100
147180	b0001
154256	b0011
159928	b0100
167029	b1100
172721	b0010
179849	b0011
185561	b1000
192715	b1100
198448	b0001
205628	b0011
211383	b0100
218589	b1100
224365	b0010
231598	b0011
237396	b1000
244656	b1100
250476	b0001
257764	b0011
263605	b0100
270921	b1100
276785	b0010
284129	b0011
290015	b1000
297387	b1100
303297	b0001
310698	b0011
316630	b0100
324060	b1100
330017	b0010
337476	b0011
343456	b1000
350945	b1100
356949	b0001
364468	b0011
370496	b0100
378046	b1100
384099	b0010
391680	b0011
397758	b1000
405370	b1100
411473	b0001
419116	b0011
425245	b0100
432921	b1100
439075	b0010
446783	b0011
452964	b1000
460705	b1100
466912	b0001
474686	b0011
480920	b0100
488728	b1100
494989	b0010
502832	b0011
509120	b1000
516998	b1100
523314	b0001
531226	b0011
537571	b0100
545519	b1100
551892	b0010
559876	b0011
566278	b1000
574299	b1100
580731	b0001
588789	b0011
595250	b0100
603346	b1100
609838	b0010
617971	b0011
624494	b1000
632666	b1100
639220	b0001
647431	b0011
654017	b0100
662268	b1100
668886	b0010
677178	b0011
683828	b1000
692160	b1100
698843	b0001
707218	b0011
713934	b0100
722351	b1100
729102	b0010
737561	b0011
744347	b1000
752849	b1100
759670	b0001
768217	b0011
775073	b0100
783665	b1100
790558	b0010
799195	b0011
806125	b1000
814809	b1100
821775	b0001
830507	b0011
837511	b0100
846290	b1100
853334	b0010
862161	b0011
869244	b1000
878121	b1100
885244	b0001
894172	b0011
901335	b0100
910314	b1100
917518	b0010
926549	b0011
933796	b1000
942880	b1100
950169	b0001
959307	b0011
966640	b0100
975833	b1100
983211	b0010
992460	b0011
999882	b1000
1009188	b1100
1016657	b0001
1026021	b0011
1033536	b0100
1042960	b1100
1050523	b0010
1060006	b0011
1067618	b1000
1077163	b1100
1084825	b0001
1094433	b0011
1102145	b0100
1111816	b1100
1119580	b0010
1129317	b0011
1137134	b1000
1146937	b1100
1154808	b0001
1164679	b0011
1172605	b0100
1182545	b1100
1190527	b0010
1200538	b0011
1208577	b1000
1218661	b1100
1226759	b0001
1236917	b0011
1245074	b0100
1255308	b1100
1263526	b0010
1273837	b0011
1282118	b1000
1292508	b1100
1300854	b0001
1311325	b0011
1319736	b0100
1330290	b1100
1338768	b0010
1349407	b0011
1357954	b1000
1368680	b1100
1377297	b0001
1388112	b0011
1396802	b0100
1407708	b1100
1416472	b0010
1427472	b0011
1436312	b1000
1447409	b1100
1456327	b0001
1467522	b0011
1476520	b0100
1487817	b1100
1496897	b0010
1508299	b0011
1517464	b1000
1528972	b1100
1538224	b0001
1549843	b0011
1559185	b0100
1570918	b1100
1580352	b0010
1592201	b0011
1601730	b1000
1613701	b1100
1623328	b0001
1635423	b0011
1645151	b0100
1657374	b1100
1667206	b0010
1679562	b0011
1689502	b1000
1701994	b1100
1712046	b0001
1724680	b0011
1734847	b0100
1747627	b1100
1757913	b0010
1770845	b0011
1781255	b1000
1794344	b1100
1804882	b0001
1818134	b0011
1828805	b0100
1842226	b1100
1853035	b0010
1866632	b0011
1877585	b1000
1891366	b1100
1902468	b0001
1916439	b0011
1927697	b0100
1941867	b1100
1953288	b0010
1967665	b0011
1979256	b1000
1993850	b1100
2005618	b0001
2020440	b0011
2032394	b0100
2047454	b1100
2059603	b0010
2074913	b0011
2087267	b0000
2153886	b0000
#
#
#
