#vx_i=30.0 m/s
#vx_f=32.0 m/s
#phase=48.80 deg
#
1010	b0011
10448	b0100
16066	b1100
22733	b0010
28374	b0011
35068	b1000
40732	b1100
47454	b0001
53142	b0011
59893	b0100
65604	b1100
72383	b0010
78119	b0011
84927	b1000
90687	b1100
97524	b0001
103310	b0011
110176	b0100
115987	b1100
122883	b0010
128719	b0011
135646	b1000
141508	b1100
148466	b0001
154354	b0011
161343	b0100
167258	b1100
174278	b0010
180220	b0011
187272	b1000
193241	b1100
200326	b0001
206323	b0011
213441	b0100
219465	b1100
226617	b0010
232670	b0011
239855	b1000
245937	b1100
253156	b0001
259267	b0011
266522	b0100
272663	b1100
279953	b0010
286124	b0011
293450	b1000
299651	b1100
307013	b0001
313246	b0011
320645	b0100
326909	b1100
334346	b0010
340642	b0011
348117	b1000
354446	b1100
361959	b0001
368321	b0011
375874	b0100
382269	b1100
389862	b0010
396291	b0011
403925	b1000
410389	b1100
418064	b0001
424563	b0011
432280	b0100
438814	b1100
446574	b0010
453145	b0011
460948	b1000
467556	b1100
475403	b0001
482048	b0011
489940	b0100
496624	b1100
504561	b0010
511284	b0011
519268	b1000
526030	b1100
534061	b0001
540864	b0011
548943	b0100
555786	b1100
563915	b0010
570800	b0011
578978	b1000
585906	b1100
594135	b0001
601106	b0011
609386	b0100
616401	b1100
624735	b0010
631795	b0011
640183	b1000
647288	b1100
655731	b0001
662883	b0011
671382	b0100
678582	b1100
687137	b0010
694386	b0011
703000	b1000
710298	b1100
718971	b0001
726321	b0011
735054	b0100
742456	b1100
751251	b0010
758705	b0011
767564	b1000
775072	b1100
783996	b0001
791559	b0011
800549	b0100
808169	b1100
817226	b0010
824903	b0011
834030	b1000
841766	b1100
850964	b0001
858761	b0011
868030	b0100
875890	b1100
885233	b0010
893156	b0011
902576	b1000
910563	b1100
920061	b0001
928115	b0011
937692	b0100
945815	b1100
955474	b0010
963667	b0011
973410	b1000
981675	b1100
991504	b0001
999843	b0011
1009761	b0100
1018175	b1100
1028184	b0010
1036677	b0011
1046779	b1000
1055352	b1100
1065551	b0001
1074206	b0011
1084504	b0100
1093244	b1100
1103644	b0010
1112471	b0011
1122976	b1000
1131894	b1100
1142507	b0001
1151518	b0011
1162243	b0100
1171350	b1100
1182190	b0010
1191396	b0011
1202356	b1000
1211664	b1100
1222747	b0001
1232161	b0011
1243371	b0100
1252895	b1100
1264237	b0010
1273874	b0011
1285353	b1000
1295108	b1100
1306729	b0001
1316606	b0011
1328374	b0100
1338378	b1100
1350299	b0010
1360434	b0011
1372514	b1000
1382787	b1100
1395032	b0001
1405448	b0011
1417866	b0100
1428430	b1100
1441028	b0010
1451749	b0011
1464535	b1000
1475418	b1100
1488401	b0001
1499454	b0011
1512643	b0100
1523875	b1100
1537280	b0010
1548700	b0011
1562333	b1000
1573949	b1100
1587822	b0001
1599646	b0011
1613771	b0100
1625814	b1100
1640206	b0010
1652482	b0011
1667155	b1000
1679677	b1100
1694651	b0001
1707434	b0011
1722727	b0100
1735789	b1100
1751421	b0010
1764781	b0011
1780777	b1000
1794455	b1100
1810842	b0001
1824864	b0011
1841671	b0100
1856063	b1100
1873325	b0010
1888117	b0011
1905874	b1000
1921103	b1100
1939398	b0001
1955104	b0011
1973990	b0100
1990222	b1100
2009761	b0010
2026575	b0011
2046839	b1000
2064302	b1100
2085378	b0001
2103572	b0011
2125567	b0100
2144593	b1100
2167638	b0010
2187620	b0011
2211883	b1000
2232982	b1100
2258678	b0001
2281106	b0011
2308523	b0100
2332567	b1100
2362107	b0010
2388174	b0011
2420423	b1000
2449131	b1100
2485006	b0001
2517362	b0011
2558460	b0100
2596340	b1100
2645957	b0010
2693702	b0011
2761616	b0000
3160551	b0000
#
#
#
