#vx_i=30.0 m/s
#vx_f=29.9 m/s
#phase=48.83 deg
#
1010	b0011
10450	b0100
16064	b1100
22735	b0010
28372	b0011
35070	b1000
40730	b1100
47457	b0001
53141	b0011
59895	b0100
65603	b1100
72386	b0010
78118	b0011
84930	b1000
90687	b1100
97528	b0001
103309	b0011
110180	b0100
115987	b1100
122888	b0010
128720	b0011
135651	b1000
141509	b1100
148472	b0001
154356	b0011
161349	b0100
167260	b1100
174285	b0010
180223	b0011
187280	b1000
193245	b1100
200334	b0001
206327	b0011
213450	b0100
219470	b1100
226627	b0010
232676	b0011
239866	b1000
245944	b1100
253168	b0001
259275	b0011
266535	b0100
272672	b1100
279967	b0010
286133	b0011
293465	b1000
299662	b1100
307030	b0001
313258	b0011
320663	b0100
326923	b1100
334365	b0010
340657	b0011
348138	b1000
354462	b1100
361981	b0001
368339	b0011
375897	b0100
382288	b1100
389887	b0010
396312	b0011
403951	b1000
410411	b1100
418092	b0001
424586	b0011
432309	b0100
438840	b1100
446605	b0010
453172	b0011
460981	b1000
467584	b1100
475437	b0001
482079	b0011
489977	b0100
496656	b1100
504600	b0010
511318	b0011
519308	b1000
526066	b1100
534104	b0001
540902	b0011
548988	b0100
555827	b1100
563962	b0010
570843	b0011
579028	b1000
585952	b1100
594188	b0001
601155	b0011
609442	b0100
616453	b1100
624794	b0010
631850	b0011
640244	b1000
647347	b1100
655796	b0001
662945	b0011
671450	b0100
678647	b1100
687209	b0010
694455	b0011
703075	b1000
710371	b1100
719051	b0001
726397	b0011
735138	b0100
742536	b1100
751339	b0010
758789	b0011
767656	b1000
775161	b1100
784092	b0001
791652	b0011
800650	b0100
808266	b1100
817332	b0010
825006	b0011
834141	b1000
841874	b1100
851080	b0001
858874	b0011
868152	b0100
876008	b1100
885361	b0010
893281	b0011
902709	b1000
910694	b1100
920201	b0001
928252	b0011
937839	b0100
945959	b1100
955627	b0010
963817	b0011
973570	b1000
981832	b1100
991672	b0001
1000008	b0011
1009936	b0100
1018348	b1100
1028368	b0010
1036858	b0011
1046971	b1000
1055541	b1100
1065751	b0001
1074404	b0011
1084713	b0100
1093451	b1100
1103863	b0010
1112688	b0011
1123205	b1000
1132121	b1100
1142747	b0001
1151756	b0011
1162493	b0100
1171599	b1100
1182452	b0010
1191656	b0011
1202629	b1000
1211936	b1100
1223032	b0001
1232446	b0011
1243670	b0100
1253193	b1100
1264549	b0010
1274186	b0011
1285680	b1000
1295434	b1100
1307070	b0001
1316947	b0011
1328731	b0100
1338735	b1100
1350672	b0010
1360808	b0011
1372905	b1000
1383178	b1100
1395441	b0001
1405858	b0011
1418294	b0100
1428860	b1100
1441477	b0010
1452200	b0011
1465005	b1000
1475891	b1100
1488894	b0001
1499950	b0011
1513161	b0100
1524396	b1100
1537824	b0010
1549247	b0011
1562903	b1000
1574524	b1100
1588421	b0001
1600251	b0011
1614401	b0100
1626451	b1100
1640869	b0010
1653152	b0011
1667854	b1000
1680384	b1100
1695387	b0001
1708180	b0011
1723504	b0100
1736576	b1100
1752242	b0010
1765613	b0011
1781645	b1000
1795337	b1100
1811762	b0001
1825798	b0011
1842647	b0100
1857055	b1100
1874362	b0010
1889173	b0011
1906978	b1000
1922228	b1100
1940575	b0001
1956307	b0011
1975250	b0100
1991510	b1100
2011111	b0010
2027958	b0011
2048292	b1000
2065793	b1100
2086947	b0001
2105187	b0011
2127269	b0100
2146349	b1100
2169494	b0010
2189541	b0011
2213919	b1000
2235097	b1100
2260930	b0001
2283455	b0011
2311038	b0100
2335205	b1100
2364951	b0010
2391182	b0011
2423697	b1000
2452629	b1100
2488871	b0001
2521559	b0011
2563209	b0100
2601640	b1100
2652237	b0010
2701133	b0011
2771739	b0000
3199565	b0000
#
#
#
