0	0x0010
6794	0x0020
19029	0x0010
31272	0x0020
43522	0x0010
55780	0x0020
68045	0x0010
80318	0x0020
92599	0x0010
104888	0x0020
117184	0x0010
129488	0x0020
141799	0x0010
154118	0x0020
166445	0x0010
178780	0x0020
191122	0x0010
203473	0x0020
215831	0x0010
228197	0x0020
240570	0x0010
252952	0x0020
265341	0x0010
277738	0x0020
290143	0x0010
302556	0x0020
314977	0x0010
327406	0x0020
339843	0x0010
352288	0x0020
364740	0x0010
377201	0x0020
389670	0x0010
402146	0x0020
414631	0x0010
427124	0x0020
439625	0x0010
452133	0x0020
464650	0x0010
477176	0x0020
489709	0x0010
502250	0x0020
514800	0x0010
527357	0x0020
539923	0x0010
552497	0x0020
565080	0x0010
577670	0x0020
590269	0x0010
602876	0x0020
615492	0x0010
628115	0x0020
640747	0x0010
653388	0x0020
666036	0x0010
678694	0x0020
691359	0x0010
704033	0x0020
716715	0x0010
729406	0x0020
742105	0x0010
754813	0x0020
767529	0x0010
780253	0x0020
792987	0x0010
805728	0x0020
818479	0x0010
831237	0x0020
844005	0x0010
856781	0x0020
869565	0x0010
882359	0x0020
895161	0x0010
907971	0x0020
920791	0x0010
933619	0x0020
946455	0x0010
959301	0x0020
972155	0x0010
985018	0x0020
997890	0x0010
1010771	0x0020
1023660	0x0010
1036559	0x0020
1049466	0x0010
1062382	0x0020
1075307	0x0010
1088241	0x0020
1101184	0x0010
1114136	0x0020
1127097	0x0010
1140067	0x0020
1153046	0x0010
1166034	0x0020
1179031	0x0010
1192037	0x0020
1205052	0x0010
1218077	0x0020
1231110	0x0010
1244153	0x0020
1257204	0x0010
1270265	0x0020
1283336	0x0010
1296415	0x0020
1309504	0x0010
1322602	0x0020
1335709	0x0010
1348826	0x0020
1361952	0x0010
1375087	0x0020
1388232	0x0010
1401386	0x0020
1414549	0x0010
1427722	0x0020
1440904	0x0010
1454096	0x0020
1467297	0x0010
1480508	0x0020
1493729	0x0010
1506959	0x0020
1520198	0x0010
1533447	0x0020
1546706	0x0010
1559974	0x0000
