0	0x0010
10198	0x0020
22481	0x0010
34813	0x0020
47194	0x0010
59625	0x0020
72106	0x0010
84638	0x0020
97222	0x0010
109858	0x0020
122548	0x0010
135290	0x0020
148087	0x0010
160939	0x0020
173847	0x0010
186811	0x0020
199832	0x0010
212911	0x0020
226049	0x0010
239247	0x0020
252505	0x0010
265823	0x0020
279204	0x0010
292648	0x0020
306156	0x0010
319729	0x0020
333367	0x0010
347071	0x0020
360844	0x0010
374685	0x0020
388595	0x0010
402576	0x0020
416629	0x0010
430755	0x0020
444955	0x0010
459231	0x0020
473583	0x0010
488012	0x0020
502520	0x0010
517109	0x0020
531780	0x0010
546533	0x0020
561371	0x0010
576295	0x0020
591306	0x0010
606406	0x0020
621596	0x0010
636879	0x0020
652256	0x0010
667729	0x0020
683299	0x0010
698968	0x0020
714739	0x0010
730613	0x0020
746592	0x0010
762679	0x0020
778875	0x0010
795183	0x0020
811606	0x0010
828145	0x0020
844804	0x0010
861584	0x0020
878489	0x0010
895521	0x0020
912684	0x0010
929980	0x0020
947412	0x0010
964984	0x0020
982700	0x0010
1000562	0x0020
1018575	0x0010
1036742	0x0020
1055067	0x0010
1073555	0x0020
1092210	0x0010
1111036	0x0020
1130039	0x0010
1149224	0x0020
1168595	0x0010
1188159	0x0020
1207920	0x0010
1227886	0x0020
1248063	0x0010
1268458	0x0020
1289077	0x0010
1309929	0x0020
1331022	0x0010
1352363	0x0020
1373962	0x0010
1395830	0x0020
1417975	0x0010
1440408	0x0020
1463142	0x0010
1486189	0x0020
1509561	0x0010
1533274	0x0020
1557343	0x0010
1581783	0x0020
1606613	0x0010
1631852	0x0020
1657521	0x0010
1683643	0x0020
1710243	0x0010
1737347	0x0020
1764985	0x0010
1793192	0x0020
1822002	0x0010
1851457	0x0020
1881602	0x0010
1912488	0x0020
1944171	0x0010
1976719	0x0020
2010204	0x0010
2044714	0x0020
2080349	0x0010
2117226	0x0020
2155485	0x0010
2195294	0x0020
2236858	0x0010
2280433	0x0020
2326342	0x0010
2375006	0x0020
2426989	0x0010
2483082	0x0000
2618526	0x0000
