# vx_i: 450.00 vx_f:   0.00 stages:123 phase:  45.01 mass:  17.00
#
#
[1]
        1010     b0011     !    0
       10190     b0100     !    1
       16330     b1100     !    2
       22475     b0010     !    2
       28635     b0011     !    3
       34810     b1000     !    3
       41010     b1100     !    4
       47195     b0001     !    4
       53425     b0011     !    5
       59630     b0100     !    5
       65890     b1100     !    6
       72120     b0010     !    6
       78390     b0011     !    7
       84665     b1000     !    7
       90955     b1100     !    8
       97260     b0001     !    8
      103590     b0011     !    9
      109910     b0100     !    9
      116250     b1100     !   10
      122610     b0010     !   10
      129000     b0011     !   11
      135370     b1000     !   11
      141790     b1100     !   12
      148185     b0001     !   12
      154635     b0011     !   13
      161060     b0100     !   13
      167520     b1100     !   14
      173990     b0010     !   14
      180480     b0011     !   15
      186980     b1000     !   15
      193510     b1100     !   16
      200030     b0001     !   16
      206590     b0011     !   17
      213135     b0100     !   17
      219715     b1100     !   18
      226305     b0010     !   18
      232915     b0011     !   19
      239535     b1000     !   19
      246195     b1100     !   20
      252830     b0001     !   20
      259520     b0011     !   21
      266190     b0100     !   21
      272910     b1100     !   22
      279610     b0010     !   22
      286350     b0011     !   23
      293100     b1000     !   23
      299870     b1100     !   24
      306655     b0001     !   24
      313455     b0011     !   25
      320275     b0100     !   25
      327115     b1100     !   26
      333965     b0010     !   26
      340855     b0011     !   27
      347725     b1000     !   27
      354635     b1100     !   28
      361555     b0001     !   28
      368515     b0011     !   29
      375460     b0100     !   29
      382450     b1100     !   30
      389435     b0010     !   30
      396445     b0011     !   31
      403480     b1000     !   31
      410540     b1100     !   32
      417605     b0001     !   32
      424715     b0011     !   33
      431805     b0100     !   33
      438955     b1100     !   34
      446085     b0010     !   34
      453255     b0011     !   35
      460440     b1000     !   35
      467670     b1100     !   36
      474880     b0001     !   36
      482130     b0011     !   37
      489400     b0100     !   37
      496700     b1100     !   38
      504000     b0010     !   38
      511350     b0011     !   39
      518685     b1000     !   39
      526065     b1100     !   40
      533460     b0001     !   40
      540890     b0011     !   41
      548320     b0100     !   41
      555780     b1100     !   42
      563265     b0010     !   42
      570795     b0011     !   43
      578305     b1000     !   43
      585865     b1100     !   44
      593440     b0001     !   44
      601040     b0011     !   45
      608665     b0100     !   45
      616315     b1100     !   46
      623985     b0010     !   46
      631685     b0011     !   47
      639405     b1000     !   47
      647155     b1100     !   48
      654925     b0001     !   48
      662725     b0011     !   49
      670545     b0100     !   49
      678395     b1100     !   50
      686270     b0010     !   50
      694170     b0011     !   51
      702100     b1000     !   51
      710070     b1100     !   52
      718035     b0001     !   52
      726065     b0011     !   53
      734085     b0100     !   53
      742165     b1100     !   54
      750245     b0010     !   54
      758365     b0011     !   55
      766520     b1000     !   55
      774700     b1100     !   56
      782910     b0001     !   56
      791150     b0011     !   57
      799420     b0100     !   57
      807740     b1100     !   58
      816055     b0010     !   58
      824435     b0011     !   59
      832815     b1000     !   59
      841255     b1100     !   60
      849700     b0001     !   60
      858210     b0011     !   61
      866720     b0100     !   61
      875280     b1100     !   62
      883870     b0010     !   62
      892500     b0011     !   63
      901160     b1000     !   63
      909860     b1100     !   64
      918590     b0001     !   64
      927380     b0011     !   65
      936165     b0100     !   65
      945025     b1100     !   66
      953890     b0010     !   66
      962820     b0011     !   67
      971760     b1000     !   67
      980760     b1100     !   68
      989790     b0001     !   68
      998870     b0011     !   69
     1007980     b0100     !   69
     1017140     b1100     !   70
     1026335     b0010     !   70
     1035575     b0011     !   71
     1044855     b1000     !   71
     1054195     b1100     !   72
     1063550     b0001     !   72
     1072980     b0011     !   73
     1082425     b0100     !   73
     1091945     b1100     !   74
     1101480     b0010     !   74
     1111080     b0011     !   75
     1120725     b1000     !   75
     1130425     b1100     !   76
     1140165     b0001     !   76
     1149965     b0011     !   77
     1159805     b0100     !   77
     1169725     b1100     !   78
     1179655     b0010     !   78
     1189675     b0011     !   79
     1199715     b1000     !   79
     1209845     b1100     !   80
     1220000     b0001     !   80
     1230240     b0011     !   81
     1240510     b0100     !   81
     1250850     b1100     !   82
     1261255     b0010     !   82
     1271735     b0011     !   83
     1282245     b1000     !   83
     1292855     b1100     !   84
     1303490     b0001     !   84
     1314230     b0011     !   85
     1325000     b0100     !   85
     1335850     b1100     !   86
     1346775     b0010     !   86
     1357775     b0011     !   87
     1368840     b1000     !   87
     1379980     b1100     !   88
     1391200     b0001     !   88
     1402490     b0011     !   89
     1413860     b0100     !   89
     1425330     b1100     !   90
     1436845     b0010     !   90
     1448465     b0011     !   91
     1460165     b1000     !   91
     1471955     b1100     !   92
     1483830     b0001     !   92
     1495800     b0011     !   93
     1507860     b0100     !   93
     1520040     b1100     !   94
     1532275     b0010     !   94
     1544635     b0011     !   95
     1557090     b1000     !   95
     1569670     b1100     !   96
     1582325     b0001     !   96
     1595125     b0011     !   97
     1608005     b0100     !   97
     1621035     b1100     !   98
     1634155     b0010     !   98
     1647425     b0011     !   99
     1660795     b1000     !   99
     1674315     b1100     !  100
     1687960     b0001     !  100
     1701770     b0011     !  101
     1715685     b0100     !  101
     1729765     b1100     !  102
     1743995     b0010     !  102
     1758405     b0011     !  103
     1772940     b1000     !  103
     1787680     b1100     !  104
     1802560     b0001     !  104
     1817640     b0011     !  105
     1832905     b0100     !  105
     1848365     b1100     !  106
     1864030     b0010     !  106
     1879920     b0011     !  107
     1896000     b1000     !  107
     1912340     b1100     !  108
     1928885     b0001     !  108
     1945715     b0011     !  109
     1962775     b0100     !  109
     1980135     b1100     !  110
     1997760     b0010     !  110
     2015700     b0011     !  111
     2033955     b1000     !  111
     2052555     b1100     !  112
     2071505     b0001     !  112
     2090835     b0011     !  113
     2110560     b0100     !  113
     2130720     b1100     !  114
     2151330     b0010     !  114
     2172430     b0011     !  115
     2194050     b1000     !  115
     2216260     b1100     !  116
     2239040     b0001     !  116
     2262530     b0011     !  117
     2286705     b0100     !  117
     2311705     b1100     !  118
     2337585     b0010     !  118
     2364455     b0011     !  119
     2392430     b1000     !  119
     2421690     b1100     !  120
     2452355     b0001     !  120
     2484745     b0011     !  121
     2519100     b0100     !  121
     2555890     b1100     !  122
     2595725     b0010     !  122
     2639425     b0011     !  123
     2688675     b1000     !  123
     2800700     b0000     !  124
     3035133     b0000     !  125
#
#
# vx_i: 450.00 vx_f:  49.37 stages:123 phase:  45.01 mass:  17.00
