# vx_i: 450.00 vx_f:   0.00 stages:123 phase:  31.50 mass:  17.00
#
#
[1]
        1010     b0011     !    0
        9270     b0100     !    1
       17250     b1100     !    2
       21530     b0010     !    2
       29540     b0011     !    3
       33825     b1000     !    3
       41855     b1100     !    4
       46155     b0001     !    4
       54185     b0011     !    5
       58515     b0100     !    5
       66565     b1100     !    6
       70905     b0010     !    6
       78995     b0011     !    7
       83330     b1000     !    7
       91430     b1100     !    8
       95790     b0001     !    8
      103920     b0011     !    9
      108280     b0100     !    9
      116420     b1100     !   10
      120805     b0010     !   10
      128965     b0011     !   11
      133365     b1000     !   11
      141545     b1100     !   12
      145955     b0001     !   12
      154165     b0011     !   13
      158585     b0100     !   13
      166825     b1100     !   14
      171245     b0010     !   14
      179515     b0011     !   15
      183945     b1000     !   15
      192215     b1100     !   16
      196675     b0001     !   16
      204975     b0011     !   17
      209445     b0100     !   17
      217775     b1100     !   18
      222245     b0010     !   18
      230595     b0011     !   19
      235085     b1000     !   19
      243455     b1100     !   20
      247965     b0001     !   20
      256355     b0011     !   21
      260875     b0100     !   21
      269295     b1100     !   22
      273825     b0010     !   22
      282285     b0011     !   23
      286815     b1000     !   23
      295295     b1100     !   24
      299840     b0001     !   24
      308330     b0011     !   25
      312905     b0100     !   25
      321415     b1100     !   26
      326005     b0010     !   26
      334545     b0011     !   27
      339145     b1000     !   27
      347725     b1100     !   28
      352325     b0001     !   28
      360935     b0011     !   29
      365545     b0100     !   29
      374175     b1100     !   30
      378805     b0010     !   30
      387445     b0011     !   31
      392105     b1000     !   31
      400785     b1100     !   32
      405445     b0001     !   32
      414155     b0011     !   33
      418825     b0100     !   33
      427545     b1100     !   34
      432245     b0010     !   34
      441015     b0011     !   35
      445710     b1000     !   35
      454490     b1100     !   36
      459215     b0001     !   36
      468035     b0011     !   37
      472765     b0100     !   37
      481595     b1100     !   38
      486355     b0010     !   38
      495215     b0011     !   39
      499990     b1000     !   39
      508880     b1100     !   40
      513670     b0001     !   40
      522600     b0011     !   41
      527390     b0100     !   41
      536340     b1100     !   42
      541160     b0010     !   42
      550130     b0011     !   43
      554970     b1000     !   43
      563990     b1100     !   44
      568830     b0001     !   44
      577860     b0011     !   45
      582730     b0100     !   45
      591810     b1100     !   46
      596680     b0010     !   46
      605790     b0011     !   47
      610675     b1000     !   47
      619805     b1100     !   48
      624720     b0001     !   48
      633880     b0011     !   49
      638815     b0100     !   49
      647995     b1100     !   50
      652950     b0010     !   50
      662190     b0011     !   51
      667140     b1000     !   51
      676410     b1100     !   52
      681380     b0001     !   52
      690660     b0011     !   53
      695665     b0100     !   53
      704985     b1100     !   54
      710005     b0010     !   54
      719355     b0011     !   55
      724395     b1000     !   55
      733775     b1100     !   56
      738835     b0001     !   56
      748265     b0011     !   57
      753325     b0100     !   57
      762775     b1100     !   58
      767870     b0010     !   58
      777370     b0011     !   59
      782470     b1000     !   59
      792000     b1100     !   60
      797120     b0001     !   60
      806690     b0011     !   61
      811825     b0100     !   61
      821415     b1100     !   62
      826585     b0010     !   62
      836215     b0011     !   63
      841405     b1000     !   63
      851065     b1100     !   64
      856275     b0001     !   64
      865975     b0011     !   65
      871205     b0100     !   65
      880955     b1100     !   66
      886190     b0010     !   66
      895980     b0011     !   67
      901235     b1000     !   67
      911065     b1100     !   68
      916340     b0001     !   68
      926190     b0011     !   69
      931505     b0100     !   69
      941405     b1100     !   70
      946725     b0010     !   70
      956655     b0011     !   71
      962010     b1000     !   71
      971980     b1100     !   72
      977355     b0001     !   72
      987365     b0011     !   73
      992765     b0100     !   73
     1002815     b1100     !   74
     1008235     b0010     !   74
     1018345     b0011     !   75
     1023770     b1000     !   75
     1033920     b1100     !   76
     1039370     b0001     !   76
     1049550     b0011     !   77
     1055035     b0100     !   77
     1065275     b1100     !   78
     1070770     b0010     !   78
     1081030     b0011     !   79
     1086570     b1000     !   79
     1096890     b1100     !   80
     1102435     b0001     !   80
     1112805     b0011     !   81
     1118370     b0100     !   81
     1128770     b1100     !   82
     1134380     b0010     !   82
     1144820     b0011     !   83
     1150455     b1000     !   83
     1160945     b1100     !   84
     1166605     b0001     !   84
     1177155     b0011     !   85
     1182825     b0100     !   85
     1193415     b1100     !   86
     1199120     b0010     !   86
     1209760     b0011     !   87
     1215495     b1000     !   87
     1226175     b1100     !   88
     1231940     b0001     !   88
     1242670     b0011     !   89
     1248460     b0100     !   89
     1259250     b1100     !   90
     1265065     b0010     !   90
     1275895     b0011     !   91
     1281745     b1000     !   91
     1292645     b1100     !   92
     1298505     b0001     !   92
     1309445     b0011     !   93
     1315345     b0100     !   93
     1326355     b1100     !   94
     1332270     b0010     !   94
     1343320     b0011     !   95
     1349280     b1000     !   95
     1360380     b1100     !   96
     1366375     b0001     !   96
     1377545     b0011     !   97
     1383555     b0100     !   97
     1394765     b1100     !   98
     1400820     b0010     !   98
     1412110     b0011     !   99
     1418180     b1000     !   99
     1429520     b1100     !  100
     1435625     b0001     !  100
     1447015     b0011     !  101
     1453165     b0100     !  101
     1464615     b1100     !  102
     1470795     b0010     !  102
     1482325     b0011     !  103
     1488525     b1000     !  103
     1500115     b1100     !  104
     1506350     b0001     !  104
     1518000     b0011     !  105
     1524270     b0100     !  105
     1535990     b1100     !  106
     1542290     b0010     !  106
     1554060     b0011     !  107
     1560415     b1000     !  107
     1572265     b1100     !  108
     1578640     b0001     !  108
     1590560     b0011     !  109
     1596970     b0100     !  109
     1608960     b1100     !  110
     1615410     b0010     !  110
     1627450     b0011     !  111
     1633955     b1000     !  111
     1646065     b1100     !  112
     1652610     b0001     !  112
     1664800     b0011     !  113
     1671380     b0100     !  113
     1683640     b1100     !  114
     1690265     b0010     !  114
     1702615     b0011     !  115
     1709265     b1000     !  115
     1721675     b1100     !  116
     1728380     b0001     !  116
     1740890     b0011     !  117
     1747620     b0100     !  117
     1760210     b1100     !  118
     1766985     b0010     !  118
     1779655     b0011     !  119
     1786475     b1000     !  119
     1799225     b1100     !  120
     1806095     b0001     !  120
     1818925     b0011     !  121
     1825840     b0100     !  121
     1838750     b1100     !  122
     1845725     b0010     !  122
     1865740     b0000     !  123
     1909659     b0000     !  124
#
#
# vx_i: 450.00 vx_f: 272.94 stages:123 phase:  31.50 mass:  17.00
