# vx_i: 450.00 vx_f:   0.00 stages:123 phase:  48.48 mass:  17.00
#
#
[1]
        1010     b0011     !    0
       10425     b0100     !    1
       16105     b1100     !    2
       22710     b0010     !    2
       28400     b0011     !    3
       35045     b1000     !    3
       40755     b1100     !    4
       47430     b0001     !    4
       53180     b0011     !    5
       59865     b0100     !    5
       65625     b1100     !    6
       72355     b0010     !    6
       78155     b0011     !    7
       84895     b1000     !    7
       90705     b1100     !    8
       97490     b0001     !    8
      103340     b0011     !    9
      110140     b0100     !    9
      116010     b1100     !   10
      122845     b0010     !   10
      128725     b0011     !   11
      135600     b1000     !   11
      141530     b1100     !   12
      148415     b0001     !   12
      154355     b0011     !   13
      161290     b0100     !   13
      167250     b1100     !   14
      174220     b0010     !   14
      180220     b0011     !   15
      187205     b1000     !   15
      193225     b1100     !   16
      200255     b0001     !   16
      206295     b0011     !   17
      213360     b0100     !   17
      219450     b1100     !   18
      226530     b0010     !   18
      232630     b0011     !   19
      239760     b1000     !   19
      245890     b1100     !   20
      253055     b0001     !   20
      259225     b0011     !   21
      266410     b0100     !   21
      272610     b1100     !   22
      279830     b0010     !   22
      286060     b0011     !   23
      293315     b1000     !   23
      299565     b1100     !   24
      306870     b0001     !   24
      313160     b0011     !   25
      320490     b0100     !   25
      326800     b1100     !   26
      334180     b0010     !   26
      340520     b0011     !   27
      347935     b1000     !   27
      354325     b1100     !   28
      361765     b0001     !   28
      368185     b0011     !   29
      375665     b0100     !   29
      382105     b1100     !   30
      389640     b0010     !   30
      396110     b0011     !   31
      403685     b1000     !   31
      410205     b1100     !   32
      417805     b0001     !   32
      424365     b0011     !   33
      432005     b0100     !   33
      438585     b1100     !   34
      446280     b0010     !   34
      452910     b0011     !   35
      460635     b1000     !   35
      467285     b1100     !   36
      475070     b0001     !   36
      481760     b0011     !   37
      489585     b0100     !   37
      496315     b1100     !   38
      504185     b0010     !   38
      510965     b0011     !   39
      518870     b1000     !   39
      525690     b1100     !   40
      533640     b0001     !   40
      540480     b0011     !   41
      548495     b0100     !   41
      555395     b1100     !   42
      563440     b0010     !   42
      570370     b0011     !   43
      578475     b1000     !   43
      585465     b1100     !   44
      593605     b0001     !   44
      600635     b0011     !   45
      608825     b0100     !   45
      615885     b1100     !   46
      624145     b0010     !   46
      631245     b0011     !   47
      639560     b1000     !   47
      646710     b1100     !   48
      655075     b0001     !   48
      662285     b0011     !   49
      670690     b0100     !   49
      677950     b1100     !   50
      686410     b0010     !   50
      693700     b0011     !   51
      702235     b1000     !   51
      709575     b1100     !   52
      718170     b0001     !   52
      725570     b0011     !   53
      734210     b0100     !   53
      741650     b1100     !   54
      750365     b0010     !   54
      757875     b0011     !   55
      766635     b1000     !   55
      774195     b1100     !   56
      783020     b0001     !   56
      790620     b0011     !   57
      799525     b0100     !   57
      807185     b1100     !   58
      816155     b0010     !   58
      823865     b0011     !   59
      832905     b1000     !   59
      840695     b1100     !   60
      849785     b0001     !   60
      857635     b0011     !   61
      866795     b0100     !   61
      874695     b1100     !   62
      883940     b0010     !   62
      891920     b0011     !   63
      901225     b1000     !   63
      909245     b1100     !   64
      918645     b0001     !   64
      926755     b0011     !   65
      936215     b0100     !   65
      944385     b1100     !   66
      953925     b0010     !   66
      962155     b0011     !   67
      971790     b1000     !   67
      980090     b1100     !   68
      989810     b0001     !   68
      998200     b0011     !   69
     1007990     b0100     !   69
     1016440     b1100     !   70
     1026335     b0010     !   70
     1034855     b0011     !   71
     1044845     b1000     !   71
     1053465     b1100     !   72
     1063530     b0001     !   72
     1072230     b0011     !   73
     1082390     b0100     !   73
     1091160     b1100     !   74
     1101435     b0010     !   74
     1110305     b0011     !   75
     1120670     b1000     !   75
     1129610     b1100     !   76
     1140095     b0001     !   76
     1149145     b0011     !   77
     1159725     b0100     !   77
     1168865     b1100     !   78
     1179560     b0010     !   78
     1188780     b0011     !   79
     1199605     b1000     !   79
     1208945     b1100     !   80
     1219870     b0001     !   80
     1229320     b0011     !   81
     1240365     b0100     !   81
     1249905     b1100     !   82
     1261095     b0010     !   82
     1270745     b0011     !   83
     1282070     b1000     !   83
     1291830     b1100     !   84
     1303295     b0001     !   84
     1313195     b0011     !   85
     1324780     b0100     !   85
     1334790     b1100     !   86
     1346540     b0010     !   86
     1356680     b0011     !   87
     1368580     b1000     !   87
     1378870     b1100     !   88
     1390915     b0001     !   88
     1401345     b0011     !   89
     1413555     b0100     !   89
     1424115     b1100     !   90
     1436515     b0010     !   90
     1447225     b0011     !   91
     1459805     b1000     !   91
     1470675     b1100     !   92
     1483445     b0001     !   92
     1494475     b0011     !   93
     1507445     b0100     !   93
     1518665     b1100     !   94
     1531825     b0010     !   94
     1543215     b0011     !   95
     1556605     b1000     !   95
     1568205     b1100     !   96
     1581805     b0001     !   96
     1593605     b0011     !   97
     1607450     b0100     !   97
     1619450     b1100     !   98
     1633555     b0010     !   98
     1645785     b0011     !   99
     1660155     b1000     !   99
     1672615     b1100     !  100
     1687270     b0001     !  100
     1699990     b0011     !  101
     1714945     b0100     !  101
     1727925     b1100     !  102
     1743200     b0010     !  102
     1756460     b0011     !  103
     1772090     b1000     !  103
     1785660     b1100     !  104
     1801645     b0001     !  104
     1815525     b0011     !  105
     1831920     b0100     !  105
     1846170     b1100     !  106
     1862970     b0010     !  106
     1877600     b0011     !  107
     1894860     b1000     !  107
     1909880     b1100     !  108
     1927655     b0001     !  108
     1943125     b0011     !  109
     1961445     b0100     !  109
     1977415     b1100     !  110
     1996320     b0010     !  110
     2012820     b0011     !  111
     2032395     b1000     !  111
     2049505     b1100     !  112
     2069805     b0001     !  112
     2087565     b0011     !  113
     2108705     b0100     !  113
     2127235     b1100     !  114
     2149290     b0010     !  114
     2168680     b0011     !  115
     2191805     b1000     !  115
     2212185     b1100     !  116
     2236550     b0001     !  116
     2258070     b0011     !  117
     2283920     b0100     !  117
     2306820     b1100     !  118
     2334435     b0010     !  118
     2359025     b0011     !  119
     2388830     b1000     !  119
     2415540     b1100     !  120
     2448155     b0001     !  120
     2477655     b0011     !  121
     2514070     b0100     !  121
     2547480     b1100     !  122
     2589430     b0010     !  122
     2680095     b0000     !  123
     2914124     b0000     !  124
#
#
# vx_i: 450.00 vx_f:  49.01 stages:123 phase:  48.48 mass:  17.00
