# vx_i: 450.00 vx_f:   0.00 stages:123 phase:  61.58 mass:  17.00
#
#
[1]
        1010     b0011     !    0
       11315     b0100     !    1
       15195     b1100     !    2
       23600     b0010     !    2
       27510     b0011     !    3
       35940     b1000     !    3
       39860     b1100     !    4
       48325     b0001     !    4
       52265     b0011     !    5
       60765     b0100     !    5
       64705     b1100     !    6
       73255     b0010     !    6
       77215     b0011     !    7
       85800     b1000     !    7
       89790     b1100     !    8
       98400     b0001     !    8
      102390     b0011     !    9
      111050     b0100     !    9
      115080     b1100     !   10
      123760     b0010     !   10
      127790     b0011     !   11
      136525     b1000     !   11
      140585     b1100     !   12
      149345     b0001     !   12
      153425     b0011     !   13
      162225     b0100     !   13
      166305     b1100     !   14
      175160     b0010     !   14
      179280     b0011     !   15
      188160     b1000     !   15
      192290     b1100     !   16
      201215     b0001     !   16
      205365     b0011     !   17
      214330     b0100     !   17
      218490     b1100     !   18
      227510     b0010     !   18
      231700     b0011     !   19
      240750     b1000     !   19
      244960     b1100     !   20
      254055     b0001     !   20
      258285     b0011     !   21
      267420     b0100     !   21
      271660     b1100     !   22
      280855     b0010     !   22
      285115     b0011     !   23
      294355     b1000     !   23
      298635     b1100     !   24
      307920     b0001     !   24
      312240     b0011     !   25
      321555     b0100     !   25
      325895     b1100     !   26
      335260     b0010     !   26
      339620     b0011     !   27
      349035     b1000     !   27
      353405     b1100     !   28
      362880     b0001     !   28
      367270     b0011     !   29
      376800     b0100     !   29
      381210     b1100     !   30
      390790     b0010     !   30
      395230     b0011     !   31
      404860     b1000     !   31
      409330     b1100     !   32
      419000     b0001     !   32
      423500     b0011     !   33
      433220     b0100     !   33
      437730     b1100     !   34
      447520     b0010     !   34
      452070     b0011     !   35
      461900     b1000     !   35
      466470     b1100     !   36
      476360     b0001     !   36
      480960     b0011     !   37
      490900     b0100     !   37
      495530     b1100     !   38
      505525     b0010     !   38
      510185     b0011     !   39
      520240     b1000     !   39
      524920     b1100     !   40
      535040     b0001     !   40
      539730     b0011     !   41
      549925     b0100     !   41
      554665     b1100     !   42
      564905     b0010     !   42
      569655     b0011     !   43
      579975     b1000     !   43
      584755     b1100     !   44
      595135     b0001     !   44
      599965     b0011     !   45
      610395     b0100     !   45
      615255     b1100     !   46
      625750     b0010     !   46
      630630     b0011     !   47
      641205     b1000     !   47
      646115     b1100     !   48
      656765     b0001     !   48
      661715     b0011     !   49
      672420     b0100     !   49
      677410     b1100     !   50
      688185     b0010     !   50
      693195     b0011     !   51
      704060     b1000     !   51
      709110     b1100     !   52
      720040     b0001     !   52
      725110     b0011     !   53
      736130     b0100     !   53
      741260     b1100     !   54
      752340     b0010     !   54
      757500     b0011     !   55
      768660     b1000     !   55
      773860     b1100     !   56
      785105     b0001     !   56
      790325     b0011     !   57
      801670     b0100     !   57
      806930     b1100     !   58
      818355     b0010     !   58
      823675     b0011     !   59
      835175     b1000     !   59
      840515     b1100     !   60
      852120     b0001     !   60
      857520     b0011     !   61
      869200     b0100     !   61
      874640     b1100     !   62
      886415     b0010     !   62
      891905     b0011     !   63
      903775     b1000     !   63
      909285     b1100     !   64
      921275     b0001     !   64
      926835     b0011     !   65
      938920     b0100     !   65
      944530     b1100     !   66
      956720     b0010     !   66
      962390     b0011     !   67
      974670     b1000     !   67
      980380     b1100     !   68
      992785     b0001     !   68
      998555     b0011     !   69
     1011060     b0100     !   69
     1016880     b1100     !   70
     1029500     b0010     !   70
     1035380     b0011     !   71
     1048115     b1000     !   71
     1054035     b1100     !   72
     1066910     b0001     !   72
     1072900     b0011     !   73
     1085880     b0100     !   73
     1091920     b1100     !   74
     1105045     b0010     !   74
     1111155     b0011     !   75
     1124400     b1000     !   75
     1130560     b1100     !   76
     1143955     b0001     !   76
     1150195     b0011     !   77
     1163720     b0100     !   77
     1170020     b1100     !   78
     1183690     b0010     !   78
     1190070     b0011     !   79
     1203885     b1000     !   79
     1210315     b1100     !   80
     1224305     b0001     !   80
     1230825     b0011     !   81
     1244960     b0100     !   81
     1251540     b1100     !   82
     1265860     b0010     !   82
     1272530     b0011     !   83
     1287010     b1000     !   83
     1293760     b1100     !   84
     1308420     b0001     !   84
     1315260     b0011     !   85
     1330100     b0100     !   85
     1337030     b1100     !   86
     1352065     b0010     !   86
     1359085     b0011     !   87
     1374320     b1000     !   87
     1381440     b1100     !   88
     1396885     b0001     !   88
     1404095     b0011     !   89
     1419760     b0100     !   89
     1427080     b1100     !   90
     1442975     b0010     !   90
     1450395     b0011     !   91
     1466530     b1000     !   91
     1474070     b1100     !   92
     1490450     b0001     !   92
     1498090     b0011     !   93
     1514750     b0100     !   93
     1522530     b1100     !   94
     1539445     b0010     !   94
     1547345     b0011     !   95
     1564565     b1000     !   95
     1572595     b1100     !   96
     1590120     b0001     !   96
     1598300     b0011     !   97
     1616145     b0100     !   97
     1624485     b1100     !   98
     1642655     b0010     !   98
     1651165     b0011     !   99
     1669690     b1000     !   99
     1678350     b1100     !  100
     1697275     b0001     !  100
     1706115     b0011     !  101
     1725445     b0100     !  101
     1734485     b1100     !  102
     1754245     b0010     !  102
     1763505     b0011     !  103
     1783710     b1000     !  103
     1793180     b1100     !  104
     1813900     b0001     !  104
     1823620     b0011     !  105
     1844860     b0100     !  105
     1854840     b1100     !  106
     1876660     b0010     !  106
     1886920     b0011     !  107
     1909365     b1000     !  107
     1919935     b1100     !  108
     1943065     b0001     !  108
     1953965     b0011     !  109
     1977850     b0100     !  109
     1989110     b1100     !  110
     2013840     b0010     !  110
     2025500     b0011     !  111
     2051160     b1000     !  111
     2063280     b1100     !  112
     2089975     b0001     !  112
     2102625     b0011     !  113
     2130480     b0100     !  113
     2143720     b1100     !  114
     2172920     b0010     !  114
     2186810     b0011     !  115
     2217595     b1000     !  115
     2232295     b1100     !  116
     2264900     b0001     !  116
     2280550     b0011     !  117
     2315375     b0100     !  117
     2332175     b1100     !  118
     2369745     b0010     !  118
     2388005     b0011     !  119
     2429090     b1000     !  119
     2449260     b1100     !  120
     2495095     b0001     !  120
     2517915     b0011     !  121
     2570675     b0100     !  121
     2597635     b1100     !  122
     2661890     b0010     !  122
     2696540     b0011     !  123
     2787040     b1000     !  123
     2969915     b0000     !  124
     3336691     b0000     !  125
#
#
# vx_i: 450.00 vx_f:  30.18 stages:123 phase:  61.58 mass:  17.00
