# vx_i: 450.00 vx_f:   0.00 stages:123 phase:   9.70 mass:  17.00
#
#
[1]
        1010     b0011     !    0
        7785     b0100     !    1
       18705     b1100     !    2
       20020     b0010     !    2
       30950     b0011     !    3
       32270     b1000     !    3
       43200     b1100     !    4
       44520     b0001     !    4
       55480     b0011     !    5
       56780     b0100     !    5
       67750     b1100     !    6
       69050     b0010     !    6
       80020     b0011     !    7
       81325     b1000     !    7
       92305     b1100     !    8
       93610     b0001     !    8
      104580     b0011     !    9
      105905     b0100     !    9
      116875     b1100     !   10
      118200     b0010     !   10
      129200     b0011     !   11
      130510     b1000     !   11
      141510     b1100     !   12
      142825     b0001     !   12
      153815     b0011     !   13
      155145     b0100     !   13
      166165     b1100     !   14
      167475     b0010     !   14
      178485     b0011     !   15
      179815     b1000     !   15
      190845     b1100     !   16
      192160     b0001     !   16
      203180     b0011     !   17
      204510     b0100     !   17
      215560     b1100     !   18
      216875     b0010     !   18
      227925     b0011     !   19
      229240     b1000     !   19
      240300     b1100     !   20
      241620     b0001     !   20
      252680     b0011     !   21
      254000     b0100     !   21
      265080     b1100     !   22
      266395     b0010     !   22
      277475     b0011     !   23
      278795     b1000     !   23
      289865     b1100     !   24
      291200     b0001     !   24
      302300     b0011     !   25
      303620     b0100     !   25
      314700     b1100     !   26
      316040     b0010     !   26
      327150     b0011     !   27
      328475     b1000     !   27
      339585     b1100     !   28
      340910     b0001     !   28
      352020     b0011     !   29
      353360     b0100     !   29
      364490     b1100     !   30
      365815     b0010     !   30
      376935     b0011     !   31
      378280     b1000     !   31
      389420     b1100     !   32
      390750     b0001     !   32
      401900     b0011     !   33
      403230     b0100     !   33
      414370     b1100     !   34
      415715     b0010     !   34
      426865     b0011     !   35
      428210     b1000     !   35
      439370     b1100     !   36
      440715     b0001     !   36
      451895     b0011     !   37
      453225     b0100     !   37
      464415     b1100     !   38
      465745     b0010     !   38
      476925     b0011     !   39
      478275     b1000     !   39
      489455     b1100     !   40
      490810     b0001     !   40
      502000     b0011     !   41
      503355     b0100     !   41
      514565     b1100     !   42
      515905     b0010     !   42
      527125     b0011     !   43
      528465     b1000     !   43
      539695     b1100     !   44
      541035     b0001     !   44
      552255     b0011     !   45
      553610     b0100     !   45
      564840     b1100     !   46
      566195     b0010     !   46
      577445     b0011     !   47
      578790     b1000     !   47
      590030     b1100     !   48
      591390     b0001     !   48
      602640     b0011     !   49
      604000     b0100     !   49
      615270     b1100     !   50
      616615     b0010     !   50
      627885     b0011     !   51
      629240     b1000     !   51
      640520     b1100     !   52
      641875     b0001     !   52
      653175     b0011     !   53
      654520     b0100     !   53
      665810     b1100     !   54
      667170     b0010     !   54
      678470     b0011     !   55
      679830     b1000     !   55
      691150     b1100     !   56
      692500     b0001     !   56
      703820     b0011     !   57
      705175     b0100     !   57
      716505     b1100     !   58
      717860     b0010     !   58
      729200     b0011     !   59
      730550     b1000     !   59
      741900     b1100     !   60
      743255     b0001     !   60
      754605     b0011     !   61
      755965     b0100     !   61
      767325     b1100     !   62
      768680     b0010     !   62
      780040     b0011     !   63
      781410     b1000     !   63
      792770     b1100     !   64
      794145     b0001     !   64
      805515     b0011     !   65
      806885     b0100     !   65
      818285     b1100     !   66
      819640     b0010     !   66
      831040     b0011     !   67
      832400     b1000     !   67
      843810     b1100     !   68
      845170     b0001     !   68
      856570     b0011     !   69
      857950     b0100     !   69
      869370     b1100     !   70
      870735     b0010     !   70
      882165     b0011     !   71
      883530     b1000     !   71
      894970     b1100     !   72
      896335     b0001     !   72
      907765     b0011     !   73
      909145     b0100     !   73
      920605     b1100     !   74
      921970     b0010     !   74
      933430     b0011     !   75
      934795     b1000     !   75
      946255     b1100     !   76
      947635     b0001     !   76
      959115     b0011     !   77
      960485     b0100     !   77
      971955     b1100     !   78
      973340     b0010     !   78
      984820     b0011     !   79
      986205     b1000     !   79
      997705     b1100     !   80
      999080     b0001     !   80
     1010570     b0011     !   81
     1011960     b0100     !   81
     1023480     b1100     !   82
     1024850     b0010     !   82
     1036380     b0011     !   83
     1037750     b1000     !   83
     1049290     b1100     !   84
     1050660     b0001     !   84
     1062190     b0011     !   85
     1063580     b0100     !   85
     1075130     b1100     !   86
     1076505     b0010     !   86
     1088065     b0011     !   87
     1089440     b1000     !   87
     1101010     b1100     !   88
     1102385     b0001     !   88
     1113945     b0011     !   89
     1115340     b0100     !   89
     1126920     b1100     !   90
     1128300     b0010     !   90
     1139890     b0011     !   91
     1141275     b1000     !   91
     1152855     b1100     !   92
     1154255     b0001     !   92
     1165855     b0011     !   93
     1167240     b0100     !   93
     1178860     b1100     !   94
     1180240     b0010     !   94
     1191850     b0011     !   95
     1193250     b1000     !   95
     1204860     b1100     !   96
     1206265     b0001     !   96
     1217885     b0011     !   97
     1219290     b0100     !   97
     1230920     b1100     !   98
     1232325     b0010     !   98
     1243965     b0011     !   99
     1245370     b1000     !   99
     1257030     b1100     !  100
     1258420     b0001     !  100
     1270080     b0011     !  101
     1271485     b0100     !  101
     1283165     b1100     !  102
     1284555     b0010     !  102
     1296245     b0011     !  103
     1297635     b1000     !  103
     1309335     b1100     !  104
     1310725     b0001     !  104
     1322415     b0011     !  105
     1323825     b0100     !  105
     1335525     b1100     !  106
     1336935     b0010     !  106
     1348655     b0011     !  107
     1350050     b1000     !  107
     1361780     b1100     !  108
     1363180     b0001     !  108
     1374900     b0011     !  109
     1376315     b0100     !  109
     1388045     b1100     !  110
     1389460     b0010     !  110
     1401200     b0011     !  111
     1402615     b1000     !  111
     1414365     b1100     !  112
     1415780     b0001     !  112
     1427550     b0011     !  113
     1428955     b0100     !  113
     1440715     b1100     !  114
     1442135     b0010     !  114
     1453925     b0011     !  115
     1455330     b1000     !  115
     1467110     b1100     !  116
     1468530     b0001     !  116
     1480340     b0011     !  117
     1481745     b0100     !  117
     1493555     b1100     !  118
     1494965     b0010     !  118
     1506785     b0011     !  119
     1508195     b1000     !  119
     1520025     b1100     !  120
     1521435     b0001     !  120
     1533275     b0011     !  121
     1534685     b0100     !  121
     1546535     b1100     !  122
     1547945     b0010     !  122
     1561215     b0000     !  123
     1582840     b0000     !  124
#
#
# vx_i: 450.00 vx_f: 414.03 stages:123 phase:   9.70 mass:  17.00
