0	0x0010
6795	0x0020
19034	0x0010
31282	0x0020
43541	0x0010
55809	0x0020
68087	0x0010
80375	0x0020
92673	0x0010
104981	0x0020
117299	0x0010
129627	0x0020
141965	0x0010
154313	0x0020
166670	0x0010
179038	0x0020
191417	0x0010
203805	0x0020
216203	0x0010
228612	0x0020
241031	0x0010
253460	0x0020
265899	0x0010
278349	0x0020
290808	0x0010
303279	0x0020
315759	0x0010
328250	0x0020
340751	0x0010
353263	0x0020
365786	0x0010
378318	0x0020
390862	0x0010
403415	0x0020
415980	0x0010
428555	0x0020
441140	0x0010
453737	0x0020
466343	0x0010
478961	0x0020
491589	0x0010
504229	0x0020
516878	0x0010
529539	0x0020
542211	0x0010
554893	0x0020
567586	0x0010
580291	0x0020
593006	0x0010
605732	0x0020
618469	0x0010
631217	0x0020
643977	0x0010
656747	0x0020
669529	0x0010
682321	0x0020
695125	0x0010
707940	0x0020
720766	0x0010
733604	0x0020
746453	0x0010
759313	0x0020
772185	0x0010
785068	0x0020
797962	0x0010
810868	0x0020
823785	0x0010
836714	0x0020
849654	0x0010
862606	0x0020
875570	0x0010
888545	0x0020
901532	0x0010
914531	0x0020
927541	0x0010
940563	0x0020
953597	0x0010
966643	0x0020
979700	0x0010
992770	0x0020
1005851	0x0010
1018944	0x0020
1032050	0x0010
1045167	0x0020
1058296	0x0010
1071438	0x0020
1084591	0x0010
1097757	0x0020
1110935	0x0010
1124125	0x0020
1137328	0x0010
1150543	0x0020
1163770	0x0010
1177009	0x0020
1190261	0x0010
1203525	0x0020
1216802	0x0010
1230091	0x0020
1243393	0x0010
1256707	0x0020
1270034	0x0010
1283374	0x0020
1296726	0x0010
1310091	0x0020
1323469	0x0010
1336859	0x0020
1350263	0x0010
1363679	0x0020
1377108	0x0010
1390550	0x0020
1404005	0x0010
1417474	0x0020
1430955	0x0010
1444449	0x0020
1457956	0x0010
1471477	0x0020
1485010	0x0010
1498557	0x0020
1512118	0x0010
1525691	0x0020
1539278	0x0010
1552878	0x0020
1566492	0x0010
1580120	0x0000
