#vx_i=30.0 m/s
#vx_f=30.5 m/s
#phase=48.83 deg
#
1010	0x0010
10450	0x0020
22735	0x0010
35071	0x0020
47458	0x0010
59897	0x0020
72388	0x0010
84932	0x0020
97530	0x0010
110183	0x0020
122890	0x0010
135654	0x0020
148474	0x0010
161352	0x0020
174288	0x0010
187283	0x0020
200338	0x0010
213453	0x0020
226630	0x0010
239869	0x0020
253172	0x0010
266538	0x0020
279970	0x0010
293468	0x0020
307033	0x0010
320666	0x0020
334368	0x0010
348141	0x0020
361984	0x0010
375900	0x0020
389890	0x0010
403954	0x0020
418094	0x0010
432311	0x0020
446607	0x0010
460982	0x0020
475439	0x0010
489978	0x0020
504601	0x0010
519309	0x0020
534104	0x0010
548988	0x0020
563962	0x0010
579027	0x0020
594186	0x0010
609440	0x0020
624791	0x0010
640241	0x0020
655792	0x0010
671445	0x0020
687204	0x0010
703069	0x0020
719044	0x0010
735130	0x0020
751330	0x0010
767646	0x0020
784081	0x0010
800638	0x0020
817319	0x0010
834127	0x0020
851065	0x0010
868136	0x0020
885344	0x0010
902691	0x0020
920181	0x0010
937818	0x0020
955605	0x0010
973547	0x0020
991647	0x0010
1009909	0x0020
1028339	0x0010
1046941	0x0020
1065719	0x0010
1084680	0x0020
1103827	0x0010
1123168	0x0020
1142707	0x0010
1162451	0x0020
1182407	0x0010
1202582	0x0020
1222983	0x0010
1243618	0x0020
1264494	0x0010
1285622	0x0020
1307009	0x0010
1328666	0x0020
1350604	0x0010
1372833	0x0020
1395366	0x0010
1418215	0x0020
1441394	0x0010
1464917	0x0020
1488801	0x0010
1513063	0x0020
1537721	0x0010
1562795	0x0020
1588307	0x0010
1614281	0x0020
1640743	0x0010
1667721	0x0020
1695247	0x0010
1723355	0x0020
1752085	0x0010
1781479	0x0020
1811586	0x0010
1842461	0x0020
1874164	0x0010
1906767	0x0020
1940351	0x0010
1975011	0x0020
2010856	0x0010
2048017	0x0020
2086652	0x0010
2126950	0x0020
2169147	0x0010
2213540	0x0020
2260513	0x0010
2310574	0x0020
2364430	0x0010
2423099	0x0020
2488168	0x0010
2562347	0x0020
2651089	0x0010
2769798	0x0000
3189379	0x0000
#
#
#
