# vx_i: 450.00 vx_f:   0.00 stages:123 phase:   7.80 mass:  17.00
#
#
[1]
        1010     b0011     !    0
        7655     b0100     !    1
       18835     b1100     !    2
       19895     b0010     !    2
       31085     b0011     !    3
       32145     b1000     !    3
       43355     b1100     !    4
       44400     b0001     !    4
       55620     b0011     !    5
       56665     b0100     !    5
       67875     b1100     !    6
       68935     b0010     !    6
       80155     b0011     !    7
       81215     b1000     !    7
       92455     b1100     !    8
       93500     b0001     !    8
      104750     b0011     !    9
      105795     b0100     !    9
      117035     b1100     !   10
      118100     b0010     !   10
      129340     b0011     !   11
      130410     b1000     !   11
      141660     b1100     !   12
      142725     b0001     !   12
      153985     b0011     !   13
      155050     b0100     !   13
      166320     b1100     !   14
      167385     b0010     !   14
      178655     b0011     !   15
      179725     b1000     !   15
      191005     b1100     !   16
      192075     b0001     !   16
      203375     b0011     !   17
      204430     b0100     !   17
      215740     b1100     !   18
      216795     b0010     !   18
      228095     b0011     !   19
      229165     b1000     !   19
      240475     b1100     !   20
      241545     b0001     !   20
      252865     b0011     !   21
      253935     b0100     !   21
      265255     b1100     !   22
      266330     b0010     !   22
      277660     b0011     !   23
      278735     b1000     !   23
      290085     b1100     !   24
      291145     b0001     !   24
      302505     b0011     !   25
      303565     b0100     !   25
      314915     b1100     !   26
      315995     b0010     !   26
      327365     b0011     !   27
      328430     b1000     !   27
      339790     b1100     !   28
      340870     b0001     !   28
      352260     b0011     !   29
      353325     b0100     !   29
      364715     b1100     !   30
      365780     b0010     !   30
      377170     b0011     !   31
      378250     b1000     !   31
      389660     b1100     !   32
      390725     b0001     !   32
      402145     b0011     !   33
      403210     b0100     !   33
      414630     b1100     !   34
      415700     b0010     !   34
      427130     b0011     !   35
      428200     b1000     !   35
      439640     b1100     !   36
      440705     b0001     !   36
      452155     b0011     !   37
      453220     b0100     !   37
      464680     b1100     !   38
      465745     b0010     !   38
      477195     b0011     !   39
      478280     b1000     !   39
      489730     b1100     !   40
      490820     b0001     !   40
      502290     b0011     !   41
      503365     b0100     !   41
      514835     b1100     !   42
      515920     b0010     !   42
      527400     b0011     !   43
      528485     b1000     !   43
      539975     b1100     !   44
      541060     b0001     !   44
      552550     b0011     !   45
      553640     b0100     !   45
      565140     b1100     !   46
      566230     b0010     !   46
      577750     b0011     !   47
      578825     b1000     !   47
      590345     b1100     !   48
      591435     b0001     !   48
      602955     b0011     !   49
      604045     b0100     !   49
      615595     b1100     !   50
      616670     b0010     !   50
      628220     b0011     !   51
      629300     b1000     !   51
      640860     b1100     !   52
      641940     b0001     !   52
      653490     b0011     !   53
      654585     b0100     !   53
      666165     b1100     !   54
      667245     b0010     !   54
      678825     b0011     !   55
      679905     b1000     !   55
      691485     b1100     !   56
      692580     b0001     !   56
      704180     b0011     !   57
      705260     b0100     !   57
      716850     b1100     !   58
      717950     b0010     !   58
      729550     b0011     !   59
      730650     b1000     !   59
      742250     b1100     !   60
      743355     b0001     !   60
      754985     b0011     !   61
      756070     b0100     !   61
      767690     b1100     !   62
      768795     b0010     !   62
      780435     b0011     !   63
      781525     b1000     !   63
      793175     b1100     !   64
      794265     b0001     !   64
      805925     b0011     !   65
      807015     b0100     !   65
      818665     b1100     !   66
      819770     b0010     !   66
      831450     b0011     !   67
      832540     b1000     !   67
      844220     b1100     !   68
      845315     b0001     !   68
      857005     b0011     !   69
      858095     b0100     !   69
      869785     b1100     !   70
      870890     b0010     !   70
      882580     b0011     !   71
      883690     b1000     !   71
      895390     b1100     !   72
      896500     b0001     !   72
      908220     b0011     !   73
      909320     b0100     !   73
      921030     b1100     !   74
      922145     b0010     !   74
      933885     b0011     !   75
      934980     b1000     !   75
      946730     b1100     !   76
      947825     b0001     !   76
      959565     b0011     !   77
      960680     b0100     !   77
      972440     b1100     !   78
      973540     b0010     !   78
      985300     b0011     !   79
      986410     b1000     !   79
      998180     b1100     !   80
      999290     b0001     !   80
     1011080     b0011     !   81
     1012180     b0100     !   81
     1023960     b1100     !   82
     1025075     b0010     !   82
     1036885     b0011     !   83
     1037985     b1000     !   83
     1049795     b1100     !   84
     1050900     b0001     !   84
     1062720     b0011     !   85
     1063825     b0100     !   85
     1075635     b1100     !   86
     1076755     b0010     !   86
     1088595     b0011     !   87
     1089700     b1000     !   87
     1101540     b1100     !   88
     1102650     b0001     !   88
     1114500     b0011     !   89
     1115610     b0100     !   89
     1127470     b1100     !   90
     1128580     b0010     !   90
     1140430     b0011     !   91
     1141555     b1000     !   91
     1153435     b1100     !   92
     1154545     b0001     !   92
     1166425     b0011     !   93
     1167540     b0100     !   93
     1179430     b1100     !   94
     1180545     b0010     !   94
     1192445     b0011     !   95
     1193560     b1000     !   95
     1205470     b1100     !   96
     1206580     b0001     !   96
     1218490     b0011     !   97
     1219615     b0100     !   97
     1231525     b1100     !   98
     1232655     b0010     !   98
     1244595     b0011     !   99
     1245705     b1000     !   99
     1257655     b1100     !  100
     1258765     b0001     !  100
     1270725     b0011     !  101
     1271835     b0100     !  101
     1283785     b1100     !  102
     1284915     b0010     !  102
     1296885     b0011     !  103
     1298005     b1000     !  103
     1309965     b1100     !  104
     1311100     b0001     !  104
     1323070     b0011     !  105
     1324205     b0100     !  105
     1336185     b1100     !  106
     1337320     b0010     !  106
     1349310     b0011     !  107
     1350445     b1000     !  107
     1362445     b1100     !  108
     1363580     b0001     !  108
     1375590     b0011     !  109
     1376725     b0100     !  109
     1388755     b1100     !  110
     1389880     b0010     !  110
     1401900     b0011     !  111
     1403040     b1000     !  111
     1415090     b1100     !  112
     1416215     b0001     !  112
     1428265     b0011     !  113
     1429395     b0100     !  113
     1441445     b1100     !  114
     1442585     b0010     !  114
     1454645     b0011     !  115
     1455785     b1000     !  115
     1467855     b1100     !  116
     1468995     b0001     !  116
     1481075     b0011     !  117
     1482215     b0100     !  117
     1494315     b1100     !  118
     1495445     b0010     !  118
     1507555     b0011     !  119
     1508685     b1000     !  119
     1520785     b1100     !  120
     1521930     b0001     !  120
     1534060     b0011     !  121
     1535190     b0100     !  121
     1547310     b1100     !  122
     1548460     b0010     !  122
     1560600     b0011     !  123
     1561735     b1000     !  123
     1575015     b0000     !  124
     1605703     b0000     !  125
#
#
# vx_i: 450.00 vx_f: 414.21 stages:123 phase:   7.80 mass:  17.00
