# vx_i: 450.00 vx_f:   0.00 stages:123 phase:  45.34 mass:  17.00
#
#
[1]
        1010     b0011     !    0
       10215     b0100     !    1
       16305     b1100     !    2
       22500     b0010     !    2
       28630     b0011     !    3
       34835     b1000     !    3
       40975     b1100     !    4
       47220     b0001     !    4
       53390     b0011     !    5
       59660     b0100     !    5
       65870     b1100     !    6
       72150     b0010     !    6
       78370     b0011     !    7
       84695     b1000     !    7
       90955     b1100     !    8
       97295     b0001     !    8
      103565     b0011     !    9
      109945     b0100     !    9
      116265     b1100     !   10
      122655     b0010     !   10
      128985     b0011     !   11
      135420     b1000     !   11
      141790     b1100     !   12
      148240     b0001     !   12
      154640     b0011     !   13
      161115     b0100     !   13
      167535     b1100     !   14
      174055     b0010     !   14
      180495     b0011     !   15
      187050     b1000     !   15
      193540     b1100     !   16
      200105     b0001     !   16
      206625     b0011     !   17
      213220     b0100     !   17
      219770     b1100     !   18
      226400     b0010     !   18
      232980     b0011     !   19
      239640     b1000     !   19
      246250     b1100     !   20
      252945     b0001     !   20
      259585     b0011     !   21
      266310     b0100     !   21
      272970     b1100     !   22
      279745     b0010     !   22
      286435     b0011     !   23
      293245     b1000     !   23
      299985     b1100     !   24
      306810     b0001     !   24
      313570     b0011     !   25
      320445     b0100     !   25
      327255     b1100     !   26
      334150     b0010     !   26
      340990     b0011     !   27
      347925     b1000     !   27
      354785     b1100     !   28
      361770     b0001     !   28
      368680     b0011     !   29
      375685     b0100     !   29
      382625     b1100     !   30
      389680     b0010     !   30
      396650     b0011     !   31
      403745     b1000     !   31
      410755     b1100     !   32
      417885     b0001     !   32
      424955     b0011     !   33
      432105     b0100     !   33
      439215     b1100     !   34
      446405     b0010     !   34
      453535     b0011     !   35
      460785     b1000     !   35
      467965     b1100     !   36
      475245     b0001     !   36
      482465     b0011     !   37
      489785     b0100     !   37
      497035     b1100     !   38
      504410     b0010     !   38
      511720     b0011     !   39
      519125     b1000     !   39
      526475     b1100     !   40
      533925     b0001     !   40
      541315     b0011     !   41
      548810     b0100     !   41
      556250     b1100     !   42
      563790     b0010     !   42
      571270     b0011     !   43
      578855     b1000     !   43
      586375     b1100     !   44
      594020     b0001     !   44
      601600     b0011     !   45
      609280     b0100     !   45
      616890     b1100     !   46
      624635     b0010     !   46
      632295     b0011     !   47
      640090     b1000     !   47
      647800     b1100     !   48
      655645     b0001     !   48
      663405     b0011     !   49
      671305     b0100     !   49
      679115     b1100     !   50
      687070     b0010     !   50
      694930     b0011     !   51
      702940     b1000     !   51
      710860     b1100     !   52
      718920     b0001     !   52
      726910     b0011     !   53
      735015     b0100     !   53
      743055     b1100     !   54
      751220     b0010     !   54
      759310     b0011     !   55
      767545     b1000     !   55
      775705     b1100     !   56
      783985     b0001     !   56
      792195     b0011     !   57
      800550     b0100     !   57
      808820     b1100     !   58
      817240     b0010     !   58
      825570     b0011     !   59
      834055     b1000     !   59
      842465     b1100     !   60
      851000     b0001     !   60
      859480     b0011     !   61
      868080     b0100     !   61
      876630     b1100     !   62
      885300     b0010     !   62
      893910     b0011     !   63
      902655     b1000     !   63
      911325     b1100     !   64
      920155     b0001     !   64
      928915     b0011     !   65
      937805     b0100     !   65
      946615     b1100     !   66
      955600     b0010     !   66
      964510     b0011     !   67
      973555     b1000     !   67
      982525     b1100     !   68
      991665     b0001     !   68
     1000715     b0011     !   69
     1009940     b0100     !   69
     1019090     b1100     !   70
     1028385     b0010     !   70
     1037615     b0011     !   71
     1047000     b1000     !   71
     1056320     b1100     !   72
     1065790     b0001     !   72
     1075190     b0011     !   73
     1084765     b0100     !   73
     1094255     b1100     !   74
     1103930     b0010     !   74
     1113510     b0011     !   75
     1123285     b1000     !   75
     1132965     b1100     !   76
     1142840     b0001     !   76
     1152640     b0011     !   77
     1162605     b0100     !   77
     1172505     b1100     !   78
     1182575     b0010     !   78
     1192575     b0011     !   79
     1202770     b1000     !   79
     1212880     b1100     !   80
     1223190     b0001     !   80
     1233420     b0011     !   81
     1243850     b0100     !   81
     1254190     b1100     !   82
     1264745     b0010     !   82
     1275215     b0011     !   83
     1285895     b1000     !   83
     1296495     b1100     !   84
     1307310     b0001     !   84
     1318050     b0011     !   85
     1328990     b0100     !   85
     1339860     b1100     !   86
     1350955     b0010     !   86
     1361985     b0011     !   87
     1373215     b1000     !   87
     1384385     b1100     !   88
     1395775     b0001     !   88
     1407095     b0011     !   89
     1418655     b0100     !   89
     1430135     b1100     !   90
     1441865     b0010     !   90
     1453535     b0011     !   91
     1465425     b1000     !   91
     1477255     b1100     !   92
     1489345     b0001     !   92
     1501375     b0011     !   93
     1513645     b0100     !   93
     1525875     b1100     !   94
     1538345     b0010     !   94
     1550775     b0011     !   95
     1563465     b1000     !   95
     1576105     b1100     !   96
     1589020     b0001     !   96
     1601880     b0011     !   97
     1615045     b0100     !   97
     1628145     b1100     !   98
     1641560     b0010     !   98
     1654910     b0011     !   99
     1668595     b1000     !   99
     1682215     b1100     !  100
     1696180     b0001     !  100
     1710090     b0011     !  101
     1724355     b0100     !  101
     1738585     b1100     !  102
     1753155     b0010     !  102
     1767715     b0011     !  103
     1782625     b1000     !  103
     1797535     b1100     !  104
     1812815     b0001     !  104
     1828085     b0011     !  105
     1843780     b0100     !  105
     1859460     b1100     !  106
     1875580     b0010     !  106
     1891720     b0011     !  107
     1908295     b1000     !  107
     1924895     b1100     !  108
     1941995     b0001     !  108
     1959125     b0011     !  109
     1976790     b0100     !  109
     1994510     b1100     !  110
     2012780     b0010     !  110
     2031140     b0011     !  111
     2050110     b1000     !  111
     2069200     b1100     !  112
     2088935     b0001     !  112
     2108835     b0011     !  113
     2129450     b0100     !  113
     2150260     b1100     !  114
     2171895     b0010     !  114
     2193785     b0011     !  115
     2216585     b1000     !  115
     2239725     b1100     !  116
     2263915     b0001     !  116
     2288545     b0011     !  117
     2314410     b0100     !  117
     2340870     b1100     !  118
     2368810     b0010     !  118
     2397600     b0011     !  119
     2428200     b1000     !  119
     2460030     b1100     !  120
     2494265     b0001     !  120
     2530355     b0011     !  121
     2569955     b0100     !  121
     2612685     b1100     !  122
     2661390     b0010     !  122
     2716670     b0011     !  123
     2787555     b1000     !  123
     2973475     b0000     !  124
     3358084     b0000     !  125
#
#
# vx_i: 450.00 vx_f:  30.07 stages:123 phase:  45.34 mass:  17.00
