0	b0011
6779	b0100
17686	b1100
19017	b0010
29932	b0011
31263	b1000
42185	b1100
43517	b0001
54445	b0011
55778	b0100
66713	b1100
68048	b0010
78989	b0011
80324	b1000
91273	b1100
92609	b0001
103565	b0011
104901	b0100
115864	b1100
117201	b0010
128171	b0011
129509	b1000
140485	b1100
141825	b0001
152808	b0011
154148	b0100
165138	b1100
166479	b0010
177477	b0011
178818	b1000
189823	b1100
191165	b0001
202177	b0011
203520	b0100
214539	b1100
215883	b0010
226908	b0011
228253	b1000
239286	b1100
240632	b0001
251671	b0011
253018	b0100
264065	b1100
265413	b0010
276466	b0011
277815	b1000
288876	b1100
290225	b0001
301293	b0011
302643	b0100
313718	b1100
315069	b0010
326152	b0011
327504	b1000
338593	b1100
339946	b0001
351042	b0011
352396	b0100
363500	b1100
364855	b0010
375965	b0011
377321	b1000
388439	b1100
389796	b0001
400921	b0011
402278	b0100
413411	b1100
414769	b0010
425909	b0011
427268	b1000
438415	b1100
439775	b0001
450930	b0011
452291	b0100
463452	b1100
464814	b0010
475983	b0011
477346	b1000
488522	b1100
489886	b0001
501069	b0011
502434	b0100
513625	b1100
514990	b0010
526189	b0011
527555	b1000
538761	b1100
540128	b0001
551341	b0011
552709	b0100
563930	b1100
565299	b0010
576527	b0011
577897	b1000
589132	b1100
590503	b0001
601746	b0011
603118	b0100
614368	b1100
615741	b0010
626999	b0011
628372	b1000
639638	b1100
641012	b0001
652285	b0011
653660	b0100
664941	b1100
666317	b0010
677605	b0011
678982	b1000
690278	b1100
691656	b0001
702959	b0011
704338	b0100
715649	b1100
717029	b0010
728347	b0011
729728	b1000
741054	b1100
742436	b0001
753770	b0011
755152	b0100
766494	b1100
767877	b0010
779226	b0011
780611	b1000
791967	b1100
793353	b0001
804717	b0011
806104	b0100
817476	b1100
818863	b0010
830243	b0011
831632	b1000
843019	b1100
844408	b0001
855804	b0011
857194	b0100
868597	b1100
869988	b0010
881399	b0011
882791	b1000
894210	b1100
895603	b0001
907030	b0011
908424	b0100
919858	b1100
921253	b0010
932695	b0011
934091	b1000
945542	b1100
946939	b0001
958396	b0011
959794	b0100
971260	b1100
972659	b0010
984133	b0011
985533	b1000
997015	b1100
998416	b0001
1009905	b0011
1011307	b0100
1022805	b1100
1024208	b0010
1035713	b0011
1037117	b1000
1048631	b1100
1050035	b0001
1061557	b0011
1062963	b0100
1074493	b1100
1075899	b0010
1087437	b0011
1088845	b1000
1100391	b1100
1101799	b0001
1113353	b0011
1114763	b0100
1126325	b1100
1127736	b0010
1139306	b0011
1140718	b1000
1152296	b1100
1153709	b0001
1165295	b0011
1166709	b0100
1178304	b1100
1179719	b0010
1191321	b0011
1192737	b1000
1204348	b1100
1205765	b0001
1217384	b0011
1218802	b0100
1230430	b1100
1231848	b0010
1243484	b0011
1244904	b1000
1256548	b1100
1257969	b0001
1269621	b0011
1271043	b0100
1282704	b1100
1284127	b0010
1295796	b0011
1297219	b1000
1308897	b1100
1310322	b0001
1322008	b0011
1323433	b0100
1335128	b1100
1336555	b0010
1348257	b0011
1349685	b1000
1361396	b1100
1362825	b0001
1374545	b0011
1375974	b0100
1387702	b1100
1389133	b0010
1400870	b0011
1402302	b1000
1414047	b1100
1415480	b0001
1427233	b0011
1428667	b0100
1440429	b1100
1441864	b0010
1453635	b0011
1455071	b1000
1466850	b1100
1468287	b0001
1480075	b0011
1481513	b0100
1493310	b1100
1494749	b0010
1506554	b0011
1507994	b1000
1519808	b1100
1521249	b0001
1533072	b0011
1534514	b0100
1546345	b1100
1547789	b0010
1559628	b0011
1561073	b0000
1594856	b0000
