#vx_i=92.0 m/s
#vx_f=217.9 m/s
#phase=47.02 deg
#
1010	b0011
10324	b0100
16179	b1100
22594	b0010
28468	b0011
34903	b1000
40795	b1100
47251	b0001
53162	b0011
59638	b0100
65568	b1100
72065	b0010
78015	b0011
84533	b1000
90501	b1100
97041	b0001
103028	b0011
109589	b0100
115597	b1100
122179	b0010
128207	b0011
134811	b1000
140859	b1100
147485	b0001
153553	b0011
160202	b0100
166290	b1100
172961	b0010
179071	b0011
185765	b1000
191895	b1100
198612	b0001
204763	b0011
211503	b0100
217675	b1100
224439	b0010
230633	b0011
237421	b1000
243637	b1100
250448	b0001
256686	b0011
263522	b0100
269782	b1100
276642	b0010
282925	b0011
289810	b1000
296115	b1100
303025	b0001
309354	b0011
316289	b0100
322641	b1100
329602	b0010
335977	b0011
342964	b1000
349363	b1100
356376	b0001
362799	b0011
369838	b0100
376286	b1100
383352	b0010
389824	b0011
396917	b1000
403414	b1100
410535	b0001
417057	b0011
424205	b0100
430752	b1100
437929	b0010
444502	b0011
451707	b1000
458306	b1100
465540	b0001
472165	b0011
479428	b0100
486080	b1100
493372	b0010
500052	b0011
507373	b1000
514080	b1100
521432	b0001
528166	b0011
535548	b0100
542311	b1100
549724	b0010
556515	b0011
563959	b1000
570779	b1100
578255	b0001
585104	b0011
592612	b0100
599491	b1100
607031	b0010
613940	b0011
621513	b1000
628452	b1100
636059	b0001
643028	b0011
650669	b0100
657669	b1100
665344	b0010
672376	b0011
680086	b1000
687150	b1100
694894	b0001
701991	b0011
709771	b0100
716901	b1100
724717	b0010
731880	b0011
739733	b1000
746929	b1100
754820	b0001
762050	b0011
769979	b0100
777244	b1100
785210	b0010
792511	b0011
800516	b1000
807853	b1100
815898	b0001
823270	b0011
831355	b0100
838765	b1100
846890	b0010
854337	b0011
862504	b1000
869989	b1100
878197	b0001
885721	b0011
893971	b0100
901534	b1100
909828	b0010
917431	b0011
925769	b1000
933412	b1100
941794	b0001
949478	b0011
957906	b0100
965632	b1100
974106	b0010
981874	b0011
990395	b1000
998206	b1100
1006774	b0001
1014630	b0011
1023246	b0100
1031146	b1100
1039812	b0010
1047757	b0011
1056473	b1000
1064464	b1100
1073231	b0001
1081270	b0011
1090088	b0100
1098175	b1100
1107046	b0010
1115181	b0011
1124106	b1000
1132291	b1100
1141270	b0001
1149506	b0011
1158541	b0100
1166828	b1100
1175920	b0010
1184259	b0011
1193409	b1000
1201802	b1100
1211011	b0001
1219458	b0011
1228727	b0100
1237229	b1100
1246560	b0010
1255119	b0011
1264512	b1000
1273129	b1100
1282587	b0001
1291262	b0011
1300785	b0100
1309521	b1100
1319110	b0010
1327907	b0011
1337564	b1000
1346425	b1100
1356151	b0001
1365076	b0011
1374873	b0100
1383863	b1100
1393733	b0010
1402790	b0011
1412734	b1000
1421860	b1100
1431879	b0001
1441076	b0011
1451173	b0100
1460441	b1100
1470617	b0010
1479959	b0011
1490217	b1000
1499634	b1100
1509975	b0001
1519469	b0011
1529896	b0100
1539469	b1100
1549983	b0010
1559637	b0011
1570241	b1000
1579979	b1100
1590675	b0001
1600497	b0011
1611288	b0100
1621199	b1100
1632087	b0010
1642087	b0011
1653075	b1000
1663168	b1100
1674258	b0001
1684446	b0011
1695642	b0100
1705928	b1100
1717232	b0010
1727619	b0011
1739035	b1000
1749526	b1100
1761057	b0001
1771655	b0011
1783305	b0100
1794013	b1100
1805786	b0010
1816608	b0011
1828507	b1000
1839446	b1100
1851476	b0001
1862537	b0011
1874702	b0100
1885888	b1100
1898192	b0010
1909509	b0011
1921958	b1000
1933409	b1100
1946008	b0001
1957598	b0011
1970353	b0100
1982088	b1100
1995003	b0010
2006889	b0011
2019972	b0000
2078870	b0000
#
#
#
