# vx_i: 450.00 vx_f:   0.00 stages:123 phase:   9.80 mass:  17.00
#
#
[1]
        1010     b0011     !    0
        7790     b0100     !    1
       18700     b1100     !    2
       20030     b0010     !    2
       30940     b0011     !    3
       32275     b1000     !    3
       43195     b1100     !    4
       44530     b0001     !    4
       55470     b0011     !    5
       56790     b0100     !    5
       67740     b1100     !    6
       69060     b0010     !    6
       80000     b0011     !    7
       81335     b1000     !    7
       92285     b1100     !    8
       93620     b0001     !    8
      104590     b0011     !    9
      105915     b0100     !    9
      116875     b1100     !   10
      118215     b0010     !   10
      129195     b0011     !   11
      130520     b1000     !   11
      141510     b1100     !   12
      142835     b0001     !   12
      153835     b0011     !   13
      155160     b0100     !   13
      166150     b1100     !   14
      167490     b0010     !   14
      178490     b0011     !   15
      179830     b1000     !   15
      190850     b1100     !   16
      192175     b0001     !   16
      203205     b0011     !   17
      204530     b0100     !   17
      215550     b1100     !   18
      216895     b0010     !   18
      227915     b0011     !   19
      229265     b1000     !   19
      240295     b1100     !   20
      241640     b0001     !   20
      252680     b0011     !   21
      254030     b0100     !   21
      265070     b1100     !   22
      266420     b0010     !   22
      277490     b0011     !   23
      278825     b1000     !   23
      289885     b1100     !   24
      291235     b0001     !   24
      302315     b0011     !   25
      303650     b0100     !   25
      314730     b1100     !   26
      316080     b0010     !   26
      327160     b0011     !   27
      328510     b1000     !   27
      339620     b1100     !   28
      340955     b0001     !   28
      352065     b0011     !   29
      353405     b0100     !   29
      364505     b1100     !   30
      365860     b0010     !   30
      376990     b0011     !   31
      378330     b1000     !   31
      389460     b1100     !   32
      390800     b0001     !   32
      401930     b0011     !   33
      403285     b0100     !   33
      414415     b1100     !   34
      415775     b0010     !   34
      426915     b0011     !   35
      428275     b1000     !   35
      439415     b1100     !   36
      440780     b0001     !   36
      451950     b0011     !   37
      453295     b0100     !   37
      464455     b1100     !   38
      465815     b0010     !   38
      477005     b0011     !   39
      478350     b1000     !   39
      489520     b1100     !   40
      490890     b0001     !   40
      502070     b0011     !   41
      503435     b0100     !   41
      514625     b1100     !   42
      515990     b0010     !   42
      527190     b0011     !   43
      528555     b1000     !   43
      539775     b1100     !   44
      541130     b0001     !   44
      552340     b0011     !   45
      553710     b0100     !   45
      564940     b1100     !   46
      566295     b0010     !   46
      577525     b0011     !   47
      578895     b1000     !   47
      590145     b1100     !   48
      591500     b0001     !   48
      602740     b0011     !   49
      604115     b0100     !   49
      615365     b1100     !   50
      616735     b0010     !   50
      627995     b0011     !   51
      629365     b1000     !   51
      640635     b1100     !   52
      642005     b0001     !   52
      653295     b0011     !   53
      654655     b0100     !   53
      665945     b1100     !   54
      667310     b0010     !   54
      678610     b0011     !   55
      679975     b1000     !   55
      691285     b1100     !   56
      692645     b0001     !   56
      703965     b0011     !   57
      705330     b0100     !   57
      716650     b1100     !   58
      718020     b0010     !   58
      729350     b0011     !   59
      730715     b1000     !   59
      742045     b1100     !   60
      743425     b0001     !   60
      754755     b0011     !   61
      756140     b0100     !   61
      767490     b1100     !   62
      768865     b0010     !   62
      780225     b0011     !   63
      781595     b1000     !   63
      792965     b1100     !   64
      794335     b0001     !   64
      805715     b0011     !   65
      807085     b0100     !   65
      818475     b1100     !   66
      819845     b0010     !   66
      831235     b0011     !   67
      832610     b1000     !   67
      844000     b1100     !   68
      845385     b0001     !   68
      856795     b0011     !   69
      858170     b0100     !   69
      869590     b1100     !   70
      870965     b0010     !   70
      882385     b0011     !   71
      883765     b1000     !   71
      895185     b1100     !   72
      896575     b0001     !   72
      908015     b0011     !   73
      909395     b0100     !   73
      920845     b1100     !   74
      922225     b0010     !   74
      933675     b0011     !   75
      935060     b1000     !   75
      946510     b1100     !   76
      947905     b0001     !   76
      959375     b0011     !   77
      960760     b0100     !   77
      972240     b1100     !   78
      973625     b0010     !   78
      985105     b0011     !   79
      986495     b1000     !   79
      997975     b1100     !   80
      999375     b0001     !   80
     1010865     b0011     !   81
     1012265     b0100     !   81
     1023775     b1100     !   82
     1025165     b0010     !   82
     1036665     b0011     !   83
     1038070     b1000     !   83
     1049600     b1100     !   84
     1050990     b0001     !   84
     1062520     b0011     !   85
     1063915     b0100     !   85
     1075455     b1100     !   86
     1076850     b0010     !   86
     1088400     b0011     !   87
     1089795     b1000     !   87
     1101335     b1100     !   88
     1102745     b0001     !   88
     1114295     b0011     !   89
     1115705     b0100     !   89
     1127285     b1100     !   90
     1128680     b0010     !   90
     1140260     b0011     !   91
     1141660     b1000     !   91
     1153230     b1100     !   92
     1154645     b0001     !   92
     1166235     b0011     !   93
     1167645     b0100     !   93
     1179255     b1100     !   94
     1180650     b0010     !   94
     1192270     b0011     !   95
     1193670     b1000     !   95
     1205290     b1100     !   96
     1206695     b0001     !   96
     1218325     b0011     !   97
     1219730     b0100     !   97
     1231370     b1100     !   98
     1232775     b0010     !   98
     1244405     b0011     !   99
     1245825     b1000     !   99
     1257485     b1100     !  100
     1258890     b0001     !  100
     1270540     b0011     !  101
     1271960     b0100     !  101
     1283620     b1100     !  102
     1285040     b0010     !  102
     1296710     b0011     !  103
     1298135     b1000     !  103
     1309805     b1100     !  104
     1311235     b0001     !  104
     1322915     b0011     !  105
     1324340     b0100     !  105
     1336050     b1100     !  106
     1337460     b0010     !  106
     1349160     b0011     !  107
     1350590     b1000     !  107
     1362310     b1100     !  108
     1363725     b0001     !  108
     1375445     b0011     !  109
     1376875     b0100     !  109
     1388595     b1100     !  110
     1390030     b0010     !  110
     1401780     b0011     !  111
     1403195     b1000     !  111
     1414955     b1100     !  112
     1416370     b0001     !  112
     1428140     b0011     !  113
     1429555     b0100     !  113
     1441315     b1100     !  114
     1442750     b0010     !  114
     1454520     b0011     !  115
     1455955     b1000     !  115
     1467745     b1100     !  116
     1469170     b0001     !  116
     1480950     b0011     !  117
     1482390     b0100     !  117
     1494190     b1100     !  118
     1495625     b0010     !  118
     1507425     b0011     !  119
     1508870     b1000     !  119
     1520690     b1100     !  120
     1522120     b0001     !  120
     1533940     b0011     !  121
     1535380     b0100     !  121
     1547210     b1100     !  122
     1548655     b0010     !  122
     1560505     b0011     !  123
     1561935     b1000     !  123
     1575220     b0000     !  124
     1605775     b0000     !  125
#
#
# vx_i: 450.00 vx_f: 414.02 stages:123 phase:   9.80 mass:  17.00
