#vx_i=48.0 m/s
#vx_f=92.2 m/s
#phase=56.15 deg
#
1010	b0011
10135	b0100
14374	b1100
21416	b0010
25671	b0011
32741	b1000
37013	b1100
44112	b0001
48402	b0011
55529	b0100
59836	b1100
66993	b0010
71317	b0011
78503	b1000
82846	b1100
90062	b0001
94422	b0011
101668	b0100
106047	b1100
113324	b0010
117721	b0011
125029	b1000
129445	b1100
136784	b0001
141220	b0011
148591	b0100
153045	b1100
160449	b0010
164923	b0011
172359	b1000
176853	b1100
184322	b0001
188836	b0011
196338	b0100
200873	b1100
208409	b0010
212964	b0011
220535	b1000
225111	b1100
232717	b0001
237314	b0011
244955	b0100
249574	b1100
257251	b0010
261892	b0011
269606	b1000
274268	b1100
282019	b0001
286704	b0011
294492	b0100
299200	b1100
307026	b0010
311757	b0011
319622	b1000
324377	b1100
332280	b0001
337059	b0011
345002	b0100
349805	b1100
357789	b0010
362616	b0011
370641	b1000
375493	b1100
383559	b0001
388437	b0011
396546	b0100
401449	b1100
409601	b0010
414530	b0011
422725	b1000
427681	b1100
435921	b0001
440904	b0011
449188	b0100
454199	b1100
462529	b0010
467568	b0011
475945	b1000
481011	b1100
489436	b0001
494531	b0011
503004	b0100
508129	b1100
516651	b0010
521805	b0011
530377	b1000
535562	b1100
544185	b0001
549400	b0011
558075	b0100
563322	b1100
572049	b0010
577328	b0011
586109	b1000
591421	b1100
600256	b0001
605602	b0011
614492	b0100
619872	b1100
628819	b0010
634233	b0011
643238	b1000
648687	b1100
657752	b0001
663237	b0011
672361	b0100
677883	b1100
687068	b0010
692627	b0011
701876	b1000
707473	b1100
716785	b0001
722421	b0011
731799	b0100
737475	b1100
746919	b0010
752635	b0011
762147	b1000
767906	b1100
777487	b0001
783288	b0011
792941	b0100
798785	b1100
808510	b0010
814398	b0011
824198	b1000
830132	b1100
840008	b0001
845988	b0011
855942	b0100
861970	b1100
872003	b0010
878080	b0011
888195	b1000
894322	b1100
904521	b0001
910699	b0011
920983	b0100
927214	b1100
937587	b0010
943871	b0011
954334	b1000
960674	b1100
971230	b0001
977626	b0011
988278	b0100
994732	b1100
1005482	b0010
1011996	b0011
1022846	b1000
1029422	b1100
1040376	b0001
1047016	b0011
1058076	b0100
1064781	b1100
1075951	b0010
1082723	b0011
1094006	b1000
1100848	b1100
1112247	b0001
1119160	b0011
1130680	b0100
1137667	b1100
1149311	b0010
1156375	b0011
1168147	b1000
1175289	b1100
1187194	b0001
1194417	b0011
1206459	b0100
1213767	b1100
1225951	b0010
1233347	b0011
1245678	b1000
1253164	b1100
1265648	b0001
1273227	b0011
1285870	b0100
1293547	b1100
1306354	b0010
1314133	b0011
1327112	b1000
1334996	b1100
1348153	b0001
1356148	b0011
1369491	b0100
1377600	b1100
1391137	b0010
1399366	b0011
1413105	b1000
1421460	b1100
1435412	b0001
1443898	b0011
1458071	b0100
1466695	b1100
1481102	b0010
1489870	b0011
1504523	b1000
1513443	b1100
1528353	b0001
1537434	b0011
1552616	b0100
1561866	b1100
1577336	b0010
1586766	b0011
1602540	b1000
1612160	b1100
1628258	b0001
1638079	b0011
1654522	b0100
1664558	b1100
1681368	b0010
1691634	b0011
1708837	b1000
1719350	b1100
1736974	b0001
1747753	b0011
1765832	b0100
1776897	b1100
1795468	b0010
1806843	b0011
1825949	b1000
1837662	b1100
1857350	b0001
1869434	b0011
1889763	b0100
1902254	b1100
1923290	b0010
1936233	b0011
1958055	b1000
1971503	b1100
1994207	b0001
2008224	b0011
2031926	b0100
2046591	b1100
2071435	b0010
2086847	b0011
2113017	b1000
2129303	b1100
2157036	b0001
2174365	b0011
2203980	b0100
2222581	b1100
2254524	b0010
2274725	b0011
2309649	b0000
2445765	b0000
#
#
#
