#vx_i=48.0 m/s
#vx_f=48.3 m/s
#phase=57.72 deg
#
1010	b0011
10234	b0100
14276	b1100
21516	b0010
25574	b0011
32844	b1000
36919	b1100
44219	b0001
48311	b0011
55641	b0100
59751	b1100
67112	b0010
71238	b0011
78630	b1000
82774	b1100
90198	b0001
94360	b0011
101816	b0100
105996	b1100
113484	b0010
117682	b0011
125203	b1000
129420	b1100
136974	b0001
141209	b0011
148797	b0100
153051	b1100
160673	b0010
164947	b0011
172604	b1000
176897	b1100
184588	b0001
188901	b0011
196629	b0100
200962	b1100
208725	b0010
213078	b0011
220878	b1000
225252	b1100
233089	b0001
237484	b0011
245359	b0100
249775	b1100
257688	b0010
262126	b0011
270077	b1000
274537	b1100
282528	b0001
287010	b0011
295041	b0100
299545	b1100
307616	b0010
312143	b0011
320256	b1000
324806	b1100
332961	b0001
337535	b0011
345731	b0100
350329	b1100
358569	b0010
363191	b0011
371475	b1000
376122	b1100
384450	b0001
389122	b0011
397496	b0100
402193	b1100
410613	b0010
415336	b0011
423802	b1000
428552	b1100
437066	b0001
441843	b0011
450405	b0100
455209	b1100
463820	b0010
468652	b0011
477313	b1000
482173	b1100
490885	b0001
495774	b0011
504538	b0100
509456	b1100
518272	b0010
523220	b0011
532091	b1000
537069	b1100
545994	b0001
551003	b0011
559984	b0100
565025	b1100
574062	b0010
579135	b0011
588230	b1000
593336	b1100
602490	b0001
607629	b0011
616844	b0100
622017	b1100
631293	b0010
636500	b0011
645839	b1000
651082	b1100
660485	b0001
665764	b0011
675231	b0100
680548	b1100
690082	b0010
695436	b0011
705038	b1000
710430	b1100
720102	b0001
725534	b0011
735277	b0100
740749	b1100
750564	b0010
756077	b0011
765967	b1000
771522	b1100
781488	b0001
787086	b0011
797130	b0100
802772	b1100
812895	b0010
818582	b0011
828787	b1000
834521	b1100
844809	b0001
850590	b0011
860964	b0100
866793	b1100
877255	b0010
883134	b0011
893686	b1000
899617	b1100
910261	b0001
916244	b0011
926983	b0100
933020	b1100
943856	b0010
949949	b0011
960885	b1000
967035	b1100
978074	b0001
984282	b0011
995428	b0100
1001696	b1100
1012951	b0010
1019281	b0011
1030648	b1000
1037042	b1100
1048525	b0001
1054986	b0011
1066588	b0100
1073116	b1100
1084842	b0010
1091440	b0011
1103293	b1000
1109964	b1100
1121948	b0001
1128694	b0011
1140814	b0100
1147637	b1100
1159898	b0010
1166802	b0011
1179208	b1000
1186195	b1100
1198753	b0001
1205826	b0011
1218540	b0100
1225703	b1100
1238580	b0010
1245835	b0011
1258881	b1000
1266234	b1100
1279456	b0001
1286909	b0011
1300314	b0100
1307872	b1100
1321468	b0010
1329136	b0011
1342932	b1000
1350714	b1100
1364718	b0001
1372620	b0011
1386843	b0100
1394870	b1100
1409321	b0010
1417480	b0011
1432172	b1000
1440469	b1100
1455413	b0001
1463856	b0011
1479067	b0100
1487662	b1100
1503154	b0010
1511912	b0011
1527701	b1000
1536631	b1100
1552734	b0001
1561846	b0011
1578285	b0100
1587590	b1100
1604385	b0010
1613897	b0011
1631072	b1000
1640806	b1100
1658388	b0001
1668360	b0011
1686380	b0100
1696607	b1100
1715100	b0010
1725603	b0011
1744608	b1000
1755412	b1100
1774973	b0001
1786104	b0011
1806274	b0100
1817764	b1100
1838603	b0010
1850489	b0011
1872069	b1000
1884396	b1100
1906802	b0001
1919622	b0011
1942956	b0100
1956334	b1100
1980723	b0010
1994737	b0011
2020338	b1000
2035090	b1100
2062105	b0001
2077725	b0011
2106416	b0100
2123078	b1100
2153803	b0010
2171749	b0011
2205013	b1000
2224592	b1100
2261155	b0001
2282915	b0011
2324010	b0100
2348891	b1100
2396793	b0010
2426691	b0011
2486645	b0000
2745756	b0000
#
#
#
