# vx_i: 450.00 vx_f:   0.00 stages:123 phase:  39.50 mass:  17.00
#
#
[1]
        1010     b0011     !    0
        9815     b0100     !    1
       16695     b1100     !    2
       22085     b0010     !    2
       28995     b0011     !    3
       34400     b1000     !    3
       41330     b1100     !    4
       46755     b0001     !    4
       53705     b0011     !    5
       59150     b0100     !    5
       66140     b1100     !    6
       71585     b0010     !    6
       78605     b0011     !    7
       84065     b1000     !    7
       91105     b1100     !    8
       96585     b0001     !    8
      103635     b0011     !    9
      109150     b0100     !    9
      116240     b1100     !   10
      121760     b0010     !   10
      128870     b0011     !   11
      134410     b1000     !   11
      141530     b1100     !   12
      147105     b0001     !   12
      154265     b0011     !   13
      159845     b0100     !   13
      167035     b1100     !   14
      172630     b0010     !   14
      179830     b0011     !   15
      185465     b1000     !   15
      192685     b1100     !   16
      198340     b0001     !   16
      205590     b0011     !   17
      211265     b0100     !   17
      218555     b1100     !   18
      224235     b0010     !   18
      231535     b0011     !   19
      237255     b1000     !   19
      244595     b1100     !   20
      250320     b0001     !   20
      257680     b0011     !   21
      263435     b0100     !   21
      270825     b1100     !   22
      276600     b0010     !   22
      284030     b0011     !   23
      289815     b1000     !   23
      297275     b1100     !   24
      303085     b0001     !   24
      310565     b0011     !   25
      316400     b0100     !   25
      323910     b1100     !   26
      329765     b0010     !   26
      337295     b0011     !   27
      343185     b1000     !   27
      350745     b1100     !   28
      356660     b0001     !   28
      364260     b0011     !   29
      370185     b0100     !   29
      377805     b1100     !   30
      383770     b0010     !   30
      391410     b0011     !   31
      397405     b1000     !   31
      405095     b1100     !   32
      411095     b0001     !   32
      418815     b0011     !   33
      424840     b0100     !   33
      432600     b1100     !   34
      438645     b0010     !   34
      446415     b0011     !   35
      452505     b1000     !   35
      460315     b1100     !   36
      466425     b0001     !   36
      474265     b0011     !   37
      480405     b0100     !   37
      488275     b1100     !   38
      494445     b0010     !   38
      502345     b0011     !   39
      508540     b1000     !   39
      516500     b1100     !   40
      522700     b0001     !   40
      530680     b0011     !   41
      536925     b0100     !   41
      544935     b1100     !   42
      551210     b0010     !   42
      559270     b0011     !   43
      565560     b1000     !   43
      573640     b1100     !   44
      579970     b0001     !   44
      588110     b0011     !   45
      594450     b0100     !   45
      602610     b1100     !   46
      608995     b0010     !   46
      617195     b0011     !   47
      623610     b1000     !   47
      631840     b1100     !   48
      638290     b0001     !   48
      646580     b0011     !   49
      653040     b0100     !   49
      661370     b1100     !   50
      667865     b0010     !   50
      676225     b0011     !   51
      682755     b1000     !   51
      691145     b1100     !   52
      697720     b0001     !   52
      706150     b0011     !   53
      712755     b0100     !   53
      721245     b1100     !   54
      727870     b0010     !   54
      736400     b0011     !   55
      743055     b1000     !   55
      751615     b1100     !   56
      758320     b0001     !   56
      766940     b0011     !   57
      773665     b0100     !   57
      782305     b1100     !   58
      789085     b0010     !   58
      797775     b0011     !   59
      804585     b1000     !   59
      813325     b1100     !   60
      820170     b0001     !   60
      828970     b0011     !   61
      835835     b0100     !   61
      844665     b1100     !   62
      851585     b0010     !   62
      860465     b0011     !   63
      867425     b1000     !   63
      876345     b1100     !   64
      883345     b0001     !   64
      892325     b0011     !   65
      899360     b0100     !   65
      908380     b1100     !   66
      915460     b0010     !   66
      924550     b0011     !   67
      931655     b1000     !   67
      940795     b1100     !   68
      947940     b0001     !   68
      957120     b0011     !   69
      964320     b0100     !   69
      973570     b1100     !   70
      980800     b0010     !   70
      990100     b0011     !   71
      997375     b1000     !   71
     1006735     b1100     !   72
     1014050     b0001     !   72
     1023450     b0011     !   73
     1030825     b0100     !   73
     1040305     b1100     !   74
     1047710     b0010     !   74
     1057240     b0011     !   75
     1064695     b1000     !   75
     1074275     b1100     !   76
     1081790     b0001     !   76
     1091430     b0011     !   77
     1098990     b0100     !   77
     1108700     b1100     !   78
     1116305     b0010     !   78
     1126075     b0011     !   79
     1133735     b1000     !   79
     1143585     b1100     !   80
     1151280     b0001     !   80
     1161200     b0011     !   81
     1168945     b0100     !   81
     1178915     b1100     !   82
     1186730     b0010     !   82
     1196770     b0011     !   83
     1204640     b1000     !   83
     1214760     b1100     !   84
     1222675     b0001     !   84
     1232865     b0011     !   85
     1240840     b0100     !   85
     1251090     b1100     !   86
     1259135     b0010     !   86
     1269475     b0011     !   87
     1277565     b1000     !   87
     1287965     b1100     !   88
     1296130     b0001     !   88
     1306630     b0011     !   89
     1314840     b0100     !   89
     1325400     b1100     !   90
     1333690     b0010     !   90
     1344340     b0011     !   91
     1352690     b1000     !   91
     1363420     b1100     !   92
     1371840     b0001     !   92
     1382660     b0011     !   93
     1391145     b0100     !   93
     1402065     b1100     !   94
     1410610     b0010     !   94
     1421620     b0011     !   95
     1430235     b1000     !   95
     1441335     b1100     !   96
     1450025     b0001     !   96
     1461225     b0011     !   97
     1469990     b0100     !   97
     1481270     b1100     !   98
     1490125     b0010     !   98
     1501525     b0011     !   99
     1510445     b1000     !   99
     1521925     b1100     !  100
     1530945     b0001     !  100
     1542535     b0011     !  101
     1551640     b0100     !  101
     1563350     b1100     !  102
     1572525     b0010     !  102
     1584335     b0011     !  103
     1593615     b1000     !  103
     1605555     b1100     !  104
     1614910     b0001     !  104
     1626970     b0011     !  105
     1636420     b0100     !  105
     1648600     b1100     !  106
     1658145     b0010     !  106
     1670455     b0011     !  107
     1680100     b1000     !  107
     1692540     b1100     !  108
     1702290     b0001     !  108
     1714860     b0011     !  109
     1724720     b0100     !  109
     1737410     b1100     !  110
     1747395     b0010     !  110
     1760255     b0011     !  111
     1770335     b1000     !  111
     1783335     b1100     !  112
     1793535     b0001     !  112
     1806695     b0011     !  113
     1817015     b0100     !  113
     1830335     b1100     !  114
     1840785     b0010     !  114
     1854265     b0011     !  115
     1864845     b1000     !  115
     1878485     b1100     !  116
     1889220     b0001     !  116
     1903050     b0011     !  117
     1913915     b0100     !  117
     1927925     b1100     !  118
     1938940     b0010     !  118
     1953150     b0011     !  119
     1964315     b1000     !  119
     1978715     b1100     !  120
     1990055     b0001     !  120
     2004675     b0011     !  121
     2016170     b0100     !  121
     2031000     b1100     !  122
     2042685     b0010     !  122
     2057755     b0011     !  123
     2069610     b1000     !  123
     2096845     b0000     !  124
     2154970     b0000     !  125
#
#
# vx_i: 450.00 vx_f: 202.03 stages:123 phase:  39.50 mass:  17.00
