0	b0011
6795	b0100
17678	b1100
19040	b0010
29932	b0011
31295	b1000
42196	b1100
43560	b0001
54471	b0011
55836	b0100
66757	b1100
68123	b0010
79053	b0011
80421	b1000
91361	b1100
92729	b0001
103679	b0011
105049	b0100
116007	b1100
117379	b0010
128347	b0011
129719	b1000
140697	b1100
142071	b0001
153059	b0011
154433	b0100
165431	b1100
166807	b0010
177814	b0011
179191	b1000
190208	b1100
191586	b0001
202613	b0011
203993	b0100
215029	b1100
216410	b0010
227456	b0011
228838	b1000
239894	b1100
241278	b0001
252344	b0011
253728	b0100
264804	b1100
266190	b0010
277276	b0011
278663	b1000
289758	b1100
291147	b0001
302252	b0011
303642	b0100
314758	b1100
316149	b0010
327274	b0011
328666	b1000
339802	b1100
341196	b0001
352341	b0011
353736	b0100
364892	b1100
366288	b0010
377454	b0011
378851	b1000
390027	b1100
391426	b0001
402612	b0011
404012	b0100
415209	b1100
416610	b0010
427817	b0011
429219	b1000
440436	b1100
441840	b0001
453067	b0011
454472	b0100
465710	b1100
467116	b0010
478365	b0011
479772	b1000
491031	b1100
492439	b0001
503709	b0011
505119	b0100
516398	b1100
517810	b0010
529099	b0011
530512	b1000
541813	b1100
543227	b0001
554538	b0011
555953	b0100
567275	b1100
568691	b0010
580024	b0011
581442	b1000
592785	b1100
594204	b0001
605557	b0011
606978	b0100
618342	b1100
619764	b0010
631139	b0011
632563	b1000
643948	b1100
645373	b0001
656769	b0011
658195	b0100
669603	b1100
671030	b0010
682448	b0011
683877	b1000
695306	b1100
696736	b0001
708176	b0011
709608	b0100
721058	b1100
722491	b0010
733953	b0011
735387	b1000
746860	b1100
748296	b0001
759779	b0011
761217	b0100
772711	b1100
774150	b0010
785656	b0011
787096	b1000
798613	b1100
800054	b0001
811582	b0011
813025	b0100
824564	b1100
826008	b0010
837559	b0011
839004	b1000
850566	b1100
852013	b0001
863586	b0011
865034	b0100
876619	b1100
878069	b0010
889665	b0011
891116	b1000
902723	b1100
904175	b0001
915794	b0011
917248	b0100
928878	b1100
930334	b0010
941975	b0011
943432	b1000
955085	b1100
956544	b0001
968208	b0011
969668	b0100
981344	b1100
982806	b0010
994493	b0011
995956	b1000
1007656	b1100
1009120	b0001
1020831	b0011
1022297	b0100
1034020	b1100
1035487	b0010
1047222	b0011
1048690	b1000
1060437	b1100
1061907	b0001
1073665	b0011
1075137	b0100
1086907	b1100
1088380	b0010
1100162	b0011
1101637	b1000
1113431	b1100
1114907	b0001
1126713	b0011
1128191	b0100
1140009	b1100
1141488	b0010
1153318	b0011
1154799	b1000
1166641	b1100
1168123	b0001
1179977	b0011
1181461	b0100
1193328	b1100
1194813	b0010
1206692	b0011
1208178	b1000
1220069	b1100
1221557	b0001
1233461	b0011
1234951	b0100
1246866	b1100
1248358	b0010
1260286	b0011
1261778	b1000
1273719	b1100
1275213	b0001
1287166	b0011
1288662	b0100
1300627	b1100
1302125	b0010
1314103	b0011
1315602	b1000
1327592	b1100
1329093	b0001
1341096	b0011
1342598	b0100
1354614	b1100
1356118	b0010
1368146	b0011
1369651	b1000
1381692	b1100
1383199	b0001
1395253	b0011
1396762	b0100
1408828	b1100
1410338	b0010
1422418	b0011
1423930	b1000
1436022	b1100
1437535	b0001
1449641	b0011
1451156	b0100
1463274	b1100
1464791	b0010
1476922	b0011
1478440	b1000
1490584	b1100
1492104	b0001
1504262	b0011
1505783	b0100
1517954	b1100
1519477	b0010
1531660	b0011
1533185	b1000
1545382	b1100
1546909	b0001
1559119	b0011
1560647	b0100
1572870	b1100
1574400	b0010
1586637	b0011
1588168	b0000
